
        Lattice Mapping Report File for Design Module 'ulx3s_usbtest'


Design Information
------------------

Command line:   map -a ECP5U -p LFE5U-85F -t CABGA381 -s 6 -oc Commercial
     project_project.ngd -o project_project_map.ncd -pr project_project.prf -mp
     project_project.mrp /home/guest/src/fpga/usb-serial/usb-serial-demo/proj/la
     ttice/constraints/ulx3s_v20_sdr.lpf 
Target Vendor:  LATTICE
Target Device:  LFE5U-85FCABGA381
Target Performance:   6
Mapper:  sa5p00,  version:  Diamond (64-bit) 3.7.0.96.1
Mapped on:  12/17/18  22:26:04

Design Summary
--------------

   Number of registers:     61 out of 84255 (0%)
      PFU registers:           60 out of 83640 (0%)
      PIO registers:            1 out of   615 (0%)
   Number of SLICEs:        70 out of 41820 (0%)
      SLICEs as Logic/ROM:     70 out of 41820 (0%)
      SLICEs as RAM:            0 out of 31365 (0%)
      SLICEs as Carry:         13 out of 41820 (0%)
   Number of LUT4s:        117 out of 83640 (0%)
      Number used as logic LUTs:         91
      Number used as distributed RAM:     0
      Number used as ripple logic:       26
      Number used as shift registers:     0
   Number of PIO sites used: 21 out of 205 (10%)
   Number of block RAMs:  0 out of 208 (0%)
   Number of GSRs:  0 out of 1 (0%)
   JTAG used :      No
   Readback used :  No
   Oscillator used :  No
   Startup used :   No
   DTR used :   No
   Number of Dynamic Bank Controller (BCINRD):  0 out of 4 (0%)
   Number of Dynamic Bank Controller (BCLVDSOB):  0 out of 4 (0%)
   Number of DCC:  0 out of 60 (0%)
   Number of DCS:  0 out of 2 (0%)
   Number of PLLs:  1 out of 4 (25%)
   Number of DDRDLLs:  0 out of 4 (0%)
   Number of CLKDIV:  0 out of 4 (0%)
   Number of ECLKSYNC:  0 out of 10 (0%)
   Number of ECLKBRIDGECS:  0 out of 2 (0%)
   Notes:-
      1. Total number of LUT4s = (Number of logic LUT4s) + 2*(Number of
     distributed RAMs) + 2*(Number of ripple logic)
      2. Number of logic LUT4s does not include count of distributed RAM and
     ripple logic.

        Number Of Mapped DSP Components:
   --------------------------------
   MULT18X18D          0
   MULT9X9D            0
   ALU54B              0
   ALU24B              0
   PRADD18A            0

                                    Page 1




Design:  ulx3s_usbtest                                 Date:  12/17/18  22:26:04

Design Summary (cont)
---------------------
   PRADD9A             0
   --------------------------------
   Number of Used DSP MULT Sites:  0 out of 312 (0 %)
   Number of Used DSP ALU Sites:  0 out of 156 (0 %)
   Number of Used DSP PRADD Sites:  0 out of 312 (0 %)
   Number of clocks:  2
     Net clk_25mhz_c: 1 loads, 1 rising, 0 falling (Driver: PIO clk_25mhz )
     Net clk_7M5Hz: 37 loads, 37 rising, 0 falling (Driver: clk_pll/PLLInst_0 )
   Number of Clock Enables:  3
     Net g_oled.oled_inst.un1_r_reset_cnt8_1_i: 5 loads, 4 LSLICEs
     Net g_oled.oled_inst/R_data_index_1_sqmuxa: 3 loads, 3 LSLICEs
     Net g_oled.oled_inst/R_N_6_mux: 1 loads, 1 LSLICEs
   Number of LSRs:  0
   Number of nets driven by tri-state buffers:  0
   Top 10 highest fanout non-clock nets:
     Net g_oled.oled_inst/R_spi_data_1_0_areg[0]: 23 loads
     Net g_oled.oled_inst/R_spi_data_1_0_areg[2]: 23 loads
     Net g_oled.oled_inst/R_spi_data_1_0_areg[1]: 22 loads
     Net g_oled.oled_inst/R_spi_data_1_0_areg[3]: 22 loads
     Net g_oled.oled_inst/r_spi_data51: 20 loads
     Net g_oled.oled_inst/R_spi_data_1_0_areg[4]: 16 loads
     Net oled_dc_c: 15 loads
     Net g_oled.oled_inst/R_char_line[0]: 8 loads
     Net g_oled.oled_inst/R_spi_data_1_0_areg[5]: 8 loads
     Net g_oled.oled_inst/R_increment[4]: 6 loads




   Number of warnings:  347
   Number of errors:    0
     

Design Errors/Warnings
----------------------

WARNING - map: /home/guest/src/fpga/usb-serial/usb-serial-demo/proj/lattice/cons
     traints/ulx3s_v20_sdr.lpf(23): Semantic error in "IOBUF PORT "ftdi_txd"
     PULLMODE=UP IO_TYPE=LVCMOS33 ;": Port "ftdi_txd" does not exist in the
     design. This preference has been disabled.
WARNING - map: /home/guest/src/fpga/usb-serial/usb-serial-demo/proj/lattice/cons
     traints/ulx3s_v20_sdr.lpf(24): Semantic error in "IOBUF PORT "ftdi_nrts"
     PULLMODE=UP IO_TYPE=LVCMOS33 ;": Port "ftdi_nrts" does not exist in the
     design. This preference has been disabled.
WARNING - map: /home/guest/src/fpga/usb-serial/usb-serial-demo/proj/lattice/cons
     traints/ulx3s_v20_sdr.lpf(25): Semantic error in "IOBUF PORT "ftdi_ndtr"
     PULLMODE=UP IO_TYPE=LVCMOS33 ;": Port "ftdi_ndtr" does not exist in the
     design. This preference has been disabled.
WARNING - map: /home/guest/src/fpga/usb-serial/usb-serial-demo/proj/lattice/cons
     traints/ulx3s_v20_sdr.lpf(26): Semantic error in "IOBUF PORT "ftdi_txden"
     PULLMODE=UP IO_TYPE=LVCMOS33 ;": Port "ftdi_txden" does not exist in the
     design. This preference has been disabled.
WARNING - map: /home/guest/src/fpga/usb-serial/usb-serial-demo/proj/lattice/cons
     traints/ulx3s_v20_sdr.lpf(55): Semantic error in "IOBUF PORT "btn[1]"
     PULLMODE=DOWN IO_TYPE=LVCMOS33 DRIVE=4 ;": Port "btn[1]" does not exist in
     the design. This preference has been disabled.

                                    Page 2




Design:  ulx3s_usbtest                                 Date:  12/17/18  22:26:04

Design Errors/Warnings (cont)
-----------------------------
WARNING - map: /home/guest/src/fpga/usb-serial/usb-serial-demo/proj/lattice/cons
     traints/ulx3s_v20_sdr.lpf(56): Semantic error in "IOBUF PORT "btn[2]"
     PULLMODE=DOWN IO_TYPE=LVCMOS33 DRIVE=4 ;": Port "btn[2]" does not exist in
     the design. This preference has been disabled.
WARNING - map: /home/guest/src/fpga/usb-serial/usb-serial-demo/proj/lattice/cons
     traints/ulx3s_v20_sdr.lpf(57): Semantic error in "IOBUF PORT "btn[3]"
     PULLMODE=DOWN IO_TYPE=LVCMOS33 DRIVE=4 ;": Port "btn[3]" does not exist in
     the design. This preference has been disabled.
WARNING - map: /home/guest/src/fpga/usb-serial/usb-serial-demo/proj/lattice/cons
     traints/ulx3s_v20_sdr.lpf(58): Semantic error in "IOBUF PORT "btn[4]"
     PULLMODE=DOWN IO_TYPE=LVCMOS33 DRIVE=4 ;": Port "btn[4]" does not exist in
     the design. This preference has been disabled.
WARNING - map: /home/guest/src/fpga/usb-serial/usb-serial-demo/proj/lattice/cons
     traints/ulx3s_v20_sdr.lpf(59): Semantic error in "IOBUF PORT "btn[5]"
     PULLMODE=DOWN IO_TYPE=LVCMOS33 DRIVE=4 ;": Port "btn[5]" does not exist in
     the design. This preference has been disabled.
WARNING - map: /home/guest/src/fpga/usb-serial/usb-serial-demo/proj/lattice/cons
     traints/ulx3s_v20_sdr.lpf(60): Semantic error in "IOBUF PORT "btn[6]"
     PULLMODE=DOWN IO_TYPE=LVCMOS33 DRIVE=4 ;": Port "btn[6]" does not exist in
     the design. This preference has been disabled.
WARNING - map: /home/guest/src/fpga/usb-serial/usb-serial-demo/proj/lattice/cons
     traints/ulx3s_v20_sdr.lpf(63): Semantic error in "LOCATE COMP "sw[0]" SITE
     "E8" ;": COMP "sw[0]" cannot be found in design. This preference has been
     disabled.
WARNING - map: /home/guest/src/fpga/usb-serial/usb-serial-demo/proj/lattice/cons
     traints/ulx3s_v20_sdr.lpf(67): Semantic error in "IOBUF PORT "sw[0]"
     PULLMODE=DOWN IO_TYPE=LVCMOS33 DRIVE=4 ;": Port "sw[0]" does not exist in
     the design. This preference has been disabled.
WARNING - map: /home/guest/src/fpga/usb-serial/usb-serial-demo/proj/lattice/cons
     traints/ulx3s_v20_sdr.lpf(68): Semantic error in "IOBUF PORT "sw[1]"
     PULLMODE=DOWN IO_TYPE=LVCMOS33 DRIVE=4 ;": Port "sw[1]" does not exist in
     the design. This preference has been disabled.
WARNING - map: /home/guest/src/fpga/usb-serial/usb-serial-demo/proj/lattice/cons
     traints/ulx3s_v20_sdr.lpf(69): Semantic error in "IOBUF PORT "sw[2]"
     PULLMODE=DOWN IO_TYPE=LVCMOS33 DRIVE=4 ;": Port "sw[2]" does not exist in
     the design. This preference has been disabled.
WARNING - map: /home/guest/src/fpga/usb-serial/usb-serial-demo/proj/lattice/cons
     traints/ulx3s_v20_sdr.lpf(70): Semantic error in "IOBUF PORT "sw[3]"
     PULLMODE=DOWN IO_TYPE=LVCMOS33 DRIVE=4 ;": Port "sw[3]" does not exist in
     the design. This preference has been disabled.
WARNING - map: /home/guest/src/fpga/usb-serial/usb-serial-demo/proj/lattice/cons
     traints/ulx3s_v20_sdr.lpf(85): Semantic error in "LOCATE COMP "flash_csn"
     SITE "R2" ;": COMP "flash_csn" cannot be found in design. This preference
     has been disabled.
WARNING - map: /home/guest/src/fpga/usb-serial/usb-serial-demo/proj/lattice/cons
     traints/ulx3s_v20_sdr.lpf(86): Semantic error in "LOCATE COMP "flash_clk"
     SITE "U3" ;": COMP "flash_clk" cannot be found in design. This preference
     has been disabled.
WARNING - map: /home/guest/src/fpga/usb-serial/usb-serial-demo/proj/lattice/cons
     traints/ulx3s_v20_sdr.lpf(87): Semantic error in "LOCATE COMP "flash_mosi"
     SITE "W2" ;": COMP "flash_mosi" cannot be found in design. This preference
     has been disabled.
WARNING - map: /home/guest/src/fpga/usb-serial/usb-serial-demo/proj/lattice/cons
     traints/ulx3s_v20_sdr.lpf(88): Semantic error in "LOCATE COMP "flash_miso"
     SITE "V2" ;": COMP "flash_miso" cannot be found in design. This preference
     has been disabled.

                                    Page 3




Design:  ulx3s_usbtest                                 Date:  12/17/18  22:26:04

Design Errors/Warnings (cont)
-----------------------------
WARNING - map: /home/guest/src/fpga/usb-serial/usb-serial-demo/proj/lattice/cons
     traints/ulx3s_v20_sdr.lpf(89): Semantic error in "LOCATE COMP "flash_holdn"
     SITE "W1" ;": COMP "flash_holdn" cannot be found in design. This preference
     has been disabled.
WARNING - map: /home/guest/src/fpga/usb-serial/usb-serial-demo/proj/lattice/cons
     traints/ulx3s_v20_sdr.lpf(90): Semantic error in "LOCATE COMP "flash_wpn"
     SITE "Y2" ;": COMP "flash_wpn" cannot be found in design. This preference
     has been disabled.
WARNING - map: /home/guest/src/fpga/usb-serial/usb-serial-demo/proj/lattice/cons
     traints/ulx3s_v20_sdr.lpf(98): Semantic error in "IOBUF PORT "flash_csn"
     PULLMODE=UP IO_TYPE=LVCMOS33 DRIVE=4 ;": Port "flash_csn" does not exist in
     the design. This preference has been disabled.
WARNING - map: /home/guest/src/fpga/usb-serial/usb-serial-demo/proj/lattice/cons
     traints/ulx3s_v20_sdr.lpf(99): Semantic error in "IOBUF PORT "flash_clk"
     PULLMODE=DOWN IO_TYPE=LVCMOS33 DRIVE=4 ;": Port "flash_clk" does not exist
     in the design. This preference has been disabled.
WARNING - map: /home/guest/src/fpga/usb-serial/usb-serial-demo/proj/lattice/cons
     traints/ulx3s_v20_sdr.lpf(100): Semantic error in "IOBUF PORT "flash_mosi"
     PULLMODE=UP IO_TYPE=LVCMOS33 DRIVE=4 ;": Port "flash_mosi" does not exist
     in the design. This preference has been disabled.
WARNING - map: /home/guest/src/fpga/usb-serial/usb-serial-demo/proj/lattice/cons
     traints/ulx3s_v20_sdr.lpf(101): Semantic error in "IOBUF PORT "flash_miso"
     PULLMODE=UP IO_TYPE=LVCMOS33 DRIVE=4 ;": Port "flash_miso" does not exist
     in the design. This preference has been disabled.
WARNING - map: /home/guest/src/fpga/usb-serial/usb-serial-demo/proj/lattice/cons
     traints/ulx3s_v20_sdr.lpf(102): Semantic error in "IOBUF PORT "flash_holdn"
     PULLMODE=UP IO_TYPE=LVCMOS33 DRIVE=4 ;": Port "flash_holdn" does not exist
     in the design. This preference has been disabled.
WARNING - map: /home/guest/src/fpga/usb-serial/usb-serial-demo/proj/lattice/cons
     traints/ulx3s_v20_sdr.lpf(103): Semantic error in "IOBUF PORT "flash_wpn"
     PULLMODE=UP IO_TYPE=LVCMOS33 DRIVE=4 ;": Port "flash_wpn" does not exist in
     the design. This preference has been disabled.
WARNING - map: /home/guest/src/fpga/usb-serial/usb-serial-demo/proj/lattice/cons
     traints/ulx3s_v20_sdr.lpf(114): Semantic error in "LOCATE COMP "sd_cmd"
     SITE "J1" ;": COMP "sd_cmd" cannot be found in design. This preference has
     been disabled.
WARNING - map: /home/guest/src/fpga/usb-serial/usb-serial-demo/proj/lattice/cons
     traints/ulx3s_v20_sdr.lpf(115): Semantic error in "LOCATE COMP "sd_d[0]"
     SITE "J3" ;": COMP "sd_d[0]" cannot be found in design. This preference has
     been disabled.
WARNING - map: /home/guest/src/fpga/usb-serial/usb-serial-demo/proj/lattice/cons
     traints/ulx3s_v20_sdr.lpf(116): Semantic error in "LOCATE COMP "sd_d[1]"
     SITE "H1" ;": COMP "sd_d[1]" cannot be found in design. This preference has
     been disabled.
WARNING - map: /home/guest/src/fpga/usb-serial/usb-serial-demo/proj/lattice/cons
     traints/ulx3s_v20_sdr.lpf(117): Semantic error in "LOCATE COMP "sd_d[2]"
     SITE "K1" ;": COMP "sd_d[2]" cannot be found in design. This preference has
     been disabled.
WARNING - map: /home/guest/src/fpga/usb-serial/usb-serial-demo/proj/lattice/cons
     traints/ulx3s_v20_sdr.lpf(118): Semantic error in "LOCATE COMP "sd_d[3]"
     SITE "K2" ;": COMP "sd_d[3]" cannot be found in design. This preference has
     been disabled.
WARNING - map: /home/guest/src/fpga/usb-serial/usb-serial-demo/proj/lattice/cons
     traints/ulx3s_v20_sdr.lpf(121): Semantic error in "IOBUF PORT "sd_clk"
     PULLMODE=UP IO_TYPE=LVCMOS33 DRIVE=4 ;": Port "sd_clk" does not exist in
     the design. This preference has been disabled.

                                    Page 4




Design:  ulx3s_usbtest                                 Date:  12/17/18  22:26:04

Design Errors/Warnings (cont)
-----------------------------
WARNING - map: /home/guest/src/fpga/usb-serial/usb-serial-demo/proj/lattice/cons
     traints/ulx3s_v20_sdr.lpf(122): Semantic error in "IOBUF PORT "sd_cmd"
     PULLMODE=UP IO_TYPE=LVCMOS33 DRIVE=4 ;": Port "sd_cmd" does not exist in
     the design. This preference has been disabled.
WARNING - map: /home/guest/src/fpga/usb-serial/usb-serial-demo/proj/lattice/cons
     traints/ulx3s_v20_sdr.lpf(123): Semantic error in "IOBUF PORT "sd_d[0]"
     PULLMODE=UP IO_TYPE=LVCMOS33 DRIVE=4 ;": Port "sd_d[0]" does not exist in
     the design. This preference has been disabled.
WARNING - map: /home/guest/src/fpga/usb-serial/usb-serial-demo/proj/lattice/cons
     traints/ulx3s_v20_sdr.lpf(124): Semantic error in "IOBUF PORT "sd_d[1]"
     PULLMODE=UP IO_TYPE=LVCMOS33 DRIVE=4 ;": Port "sd_d[1]" does not exist in
     the design. This preference has been disabled.
WARNING - map: /home/guest/src/fpga/usb-serial/usb-serial-demo/proj/lattice/cons
     traints/ulx3s_v20_sdr.lpf(125): Semantic error in "IOBUF PORT "sd_d[2]"
     PULLMODE=NONE IO_TYPE=LVCMOS33 DRIVE=4 ;": Port "sd_d[2]" does not exist in
     the design. This preference has been disabled.
WARNING - map: /home/guest/src/fpga/usb-serial/usb-serial-demo/proj/lattice/cons
     traints/ulx3s_v20_sdr.lpf(126): Semantic error in "IOBUF PORT "sd_d[3]"
     PULLMODE=UP IO_TYPE=LVCMOS33 DRIVE=4 ;": Port "sd_d[3]" does not exist in
     the design. This preference has been disabled.
WARNING - map: /home/guest/src/fpga/usb-serial/usb-serial-demo/proj/lattice/cons
     traints/ulx3s_v20_sdr.lpf(127): Semantic error in "IOBUF PORT "sd_wp"
     PULLMODE=UP IO_TYPE=LVCMOS33 DRIVE=4 ;": Port "sd_wp" does not exist in the
     design. This preference has been disabled.
WARNING - map: /home/guest/src/fpga/usb-serial/usb-serial-demo/proj/lattice/cons
     traints/ulx3s_v20_sdr.lpf(128): Semantic error in "IOBUF PORT "sd_cdn"
     PULLMODE=UP IO_TYPE=LVCMOS33 DRIVE=4 ;": Port "sd_cdn" does not exist in
     the design. This preference has been disabled.
WARNING - map: /home/guest/src/fpga/usb-serial/usb-serial-demo/proj/lattice/cons
     traints/ulx3s_v20_sdr.lpf(131): Semantic error in "LOCATE COMP "adc_csn"
     SITE "R17" ;": COMP "adc_csn" cannot be found in design. This preference
     has been disabled.
WARNING - map: /home/guest/src/fpga/usb-serial/usb-serial-demo/proj/lattice/cons
     traints/ulx3s_v20_sdr.lpf(132): Semantic error in "LOCATE COMP "adc_mosi"
     SITE "R16" ;": COMP "adc_mosi" cannot be found in design. This preference
     has been disabled.
WARNING - map: /home/guest/src/fpga/usb-serial/usb-serial-demo/proj/lattice/cons
     traints/ulx3s_v20_sdr.lpf(133): Semantic error in "LOCATE COMP "adc_miso"
     SITE "U16" ;": COMP "adc_miso" cannot be found in design. This preference
     has been disabled.
WARNING - map: /home/guest/src/fpga/usb-serial/usb-serial-demo/proj/lattice/cons
     traints/ulx3s_v20_sdr.lpf(134): Semantic error in "LOCATE COMP "adc_sclk"
     SITE "P17" ;": COMP "adc_sclk" cannot be found in design. This preference
     has been disabled.
WARNING - map: /home/guest/src/fpga/usb-serial/usb-serial-demo/proj/lattice/cons
     traints/ulx3s_v20_sdr.lpf(135): Semantic error in "IOBUF PORT "adc_csn"
     PULLMODE=UP IO_TYPE=LVCMOS33 DRIVE=4 ;": Port "adc_csn" does not exist in
     the design. This preference has been disabled.
WARNING - map: /home/guest/src/fpga/usb-serial/usb-serial-demo/proj/lattice/cons
     traints/ulx3s_v20_sdr.lpf(136): Semantic error in "IOBUF PORT "adc_mosi"
     PULLMODE=UP IO_TYPE=LVCMOS33 DRIVE=4 ;": Port "adc_mosi" does not exist in
     the design. This preference has been disabled.
WARNING - map: /home/guest/src/fpga/usb-serial/usb-serial-demo/proj/lattice/cons
     traints/ulx3s_v20_sdr.lpf(137): Semantic error in "IOBUF PORT "adc_miso"
     PULLMODE=UP IO_TYPE=LVCMOS33 DRIVE=4 ;": Port "adc_miso" does not exist in
     the design. This preference has been disabled.

                                    Page 5




Design:  ulx3s_usbtest                                 Date:  12/17/18  22:26:04

Design Errors/Warnings (cont)
-----------------------------
WARNING - map: /home/guest/src/fpga/usb-serial/usb-serial-demo/proj/lattice/cons
     traints/ulx3s_v20_sdr.lpf(138): Semantic error in "IOBUF PORT "adc_sclk"
     PULLMODE=UP IO_TYPE=LVCMOS33 DRIVE=4 ;": Port "adc_sclk" does not exist in
     the design. This preference has been disabled.
WARNING - map: /home/guest/src/fpga/usb-serial/usb-serial-demo/proj/lattice/cons
     traints/ulx3s_v20_sdr.lpf(147): Semantic error in "LOCATE COMP "audio_l[3]"
     SITE "B3" ;": COMP "audio_l[3]" cannot be found in design. This preference
     has been disabled.
WARNING - map: /home/guest/src/fpga/usb-serial/usb-serial-demo/proj/lattice/cons
     traints/ulx3s_v20_sdr.lpf(148): Semantic error in "LOCATE COMP "audio_l[2]"
     SITE "C3" ;": COMP "audio_l[2]" cannot be found in design. This preference
     has been disabled.
WARNING - map: /home/guest/src/fpga/usb-serial/usb-serial-demo/proj/lattice/cons
     traints/ulx3s_v20_sdr.lpf(149): Semantic error in "LOCATE COMP "audio_l[1]"
     SITE "D3" ;": COMP "audio_l[1]" cannot be found in design. This preference
     has been disabled.
WARNING - map: /home/guest/src/fpga/usb-serial/usb-serial-demo/proj/lattice/cons
     traints/ulx3s_v20_sdr.lpf(150): Semantic error in "LOCATE COMP "audio_l[0]"
     SITE "E4" ;": COMP "audio_l[0]" cannot be found in design. This preference
     has been disabled.
WARNING - map: /home/guest/src/fpga/usb-serial/usb-serial-demo/proj/lattice/cons
     traints/ulx3s_v20_sdr.lpf(151): Semantic error in "LOCATE COMP "audio_r[3]"
     SITE "C5" ;": COMP "audio_r[3]" cannot be found in design. This preference
     has been disabled.
WARNING - map: /home/guest/src/fpga/usb-serial/usb-serial-demo/proj/lattice/cons
     traints/ulx3s_v20_sdr.lpf(152): Semantic error in "LOCATE COMP "audio_r[2]"
     SITE "D5" ;": COMP "audio_r[2]" cannot be found in design. This preference
     has been disabled.
WARNING - map: /home/guest/src/fpga/usb-serial/usb-serial-demo/proj/lattice/cons
     traints/ulx3s_v20_sdr.lpf(153): Semantic error in "LOCATE COMP "audio_r[1]"
     SITE "B5" ;": COMP "audio_r[1]" cannot be found in design. This preference
     has been disabled.
WARNING - map: /home/guest/src/fpga/usb-serial/usb-serial-demo/proj/lattice/cons
     traints/ulx3s_v20_sdr.lpf(154): Semantic error in "LOCATE COMP "audio_r[0]"
     SITE "A3" ;": COMP "audio_r[0]" cannot be found in design. This preference
     has been disabled.
WARNING - map: /home/guest/src/fpga/usb-serial/usb-serial-demo/proj/lattice/cons
     traints/ulx3s_v20_sdr.lpf(155): Semantic error in "LOCATE COMP "audio_v[3]"
     SITE "E5" ;": COMP "audio_v[3]" cannot be found in design. This preference
     has been disabled.
WARNING - map: /home/guest/src/fpga/usb-serial/usb-serial-demo/proj/lattice/cons
     traints/ulx3s_v20_sdr.lpf(156): Semantic error in "LOCATE COMP "audio_v[2]"
     SITE "F5" ;": COMP "audio_v[2]" cannot be found in design. This preference
     has been disabled.
WARNING - map: /home/guest/src/fpga/usb-serial/usb-serial-demo/proj/lattice/cons
     traints/ulx3s_v20_sdr.lpf(157): Semantic error in "LOCATE COMP "audio_v[1]"
     SITE "F2" ;": COMP "audio_v[1]" cannot be found in design. This preference
     has been disabled.
WARNING - map: /home/guest/src/fpga/usb-serial/usb-serial-demo/proj/lattice/cons
     traints/ulx3s_v20_sdr.lpf(158): Semantic error in "LOCATE COMP "audio_v[0]"
     SITE "H5" ;": COMP "audio_v[0]" cannot be found in design. This preference
     has been disabled.
WARNING - map: /home/guest/src/fpga/usb-serial/usb-serial-demo/proj/lattice/cons
     traints/ulx3s_v20_sdr.lpf(159): Semantic error in "IOBUF PORT "audio_l[3]"
     PULLMODE=NONE IO_TYPE=LVCMOS33 DRIVE=16 ;": Port "audio_l[3]" does not
     exist in the design. This preference has been disabled.

                                    Page 6




Design:  ulx3s_usbtest                                 Date:  12/17/18  22:26:04

Design Errors/Warnings (cont)
-----------------------------
WARNING - map: /home/guest/src/fpga/usb-serial/usb-serial-demo/proj/lattice/cons
     traints/ulx3s_v20_sdr.lpf(160): Semantic error in "IOBUF PORT "audio_l[2]"
     PULLMODE=NONE IO_TYPE=LVCMOS33 DRIVE=16 ;": Port "audio_l[2]" does not
     exist in the design. This preference has been disabled.
WARNING - map: /home/guest/src/fpga/usb-serial/usb-serial-demo/proj/lattice/cons
     traints/ulx3s_v20_sdr.lpf(161): Semantic error in "IOBUF PORT "audio_l[1]"
     PULLMODE=NONE IO_TYPE=LVCMOS33 DRIVE=16 ;": Port "audio_l[1]" does not
     exist in the design. This preference has been disabled.
WARNING - map: /home/guest/src/fpga/usb-serial/usb-serial-demo/proj/lattice/cons
     traints/ulx3s_v20_sdr.lpf(162): Semantic error in "IOBUF PORT "audio_l[0]"
     PULLMODE=NONE IO_TYPE=LVCMOS33 DRIVE=16 ;": Port "audio_l[0]" does not
     exist in the design. This preference has been disabled.
WARNING - map: /home/guest/src/fpga/usb-serial/usb-serial-demo/proj/lattice/cons
     traints/ulx3s_v20_sdr.lpf(163): Semantic error in "IOBUF PORT "audio_r[3]"
     PULLMODE=NONE IO_TYPE=LVCMOS33 DRIVE=16 ;": Port "audio_r[3]" does not
     exist in the design. This preference has been disabled.
WARNING - map: /home/guest/src/fpga/usb-serial/usb-serial-demo/proj/lattice/cons
     traints/ulx3s_v20_sdr.lpf(164): Semantic error in "IOBUF PORT "audio_r[2]"
     PULLMODE=NONE IO_TYPE=LVCMOS33 DRIVE=16 ;": Port "audio_r[2]" does not
     exist in the design. This preference has been disabled.
WARNING - map: /home/guest/src/fpga/usb-serial/usb-serial-demo/proj/lattice/cons
     traints/ulx3s_v20_sdr.lpf(165): Semantic error in "IOBUF PORT "audio_r[1]"
     PULLMODE=NONE IO_TYPE=LVCMOS33 DRIVE=16 ;": Port "audio_r[1]" does not
     exist in the design. This preference has been disabled.
WARNING - map: /home/guest/src/fpga/usb-serial/usb-serial-demo/proj/lattice/cons
     traints/ulx3s_v20_sdr.lpf(166): Semantic error in "IOBUF PORT "audio_r[0]"
     PULLMODE=NONE IO_TYPE=LVCMOS33 DRIVE=16 ;": Port "audio_r[0]" does not
     exist in the design. This preference has been disabled.
WARNING - map: /home/guest/src/fpga/usb-serial/usb-serial-demo/proj/lattice/cons
     traints/ulx3s_v20_sdr.lpf(167): Semantic error in "IOBUF PORT "audio_v[3]"
     PULLMODE=NONE IO_TYPE=LVCMOS33 DRIVE=16 ;": Port "audio_v[3]" does not
     exist in the design. This preference has been disabled.
WARNING - map: /home/guest/src/fpga/usb-serial/usb-serial-demo/proj/lattice/cons
     traints/ulx3s_v20_sdr.lpf(168): Semantic error in "IOBUF PORT "audio_v[2]"
     PULLMODE=NONE IO_TYPE=LVCMOS33 DRIVE=16 ;": Port "audio_v[2]" does not
     exist in the design. This preference has been disabled.
WARNING - map: /home/guest/src/fpga/usb-serial/usb-serial-demo/proj/lattice/cons
     traints/ulx3s_v20_sdr.lpf(169): Semantic error in "IOBUF PORT "audio_v[1]"
     PULLMODE=NONE IO_TYPE=LVCMOS33 DRIVE=16 ;": Port "audio_v[1]" does not
     exist in the design. This preference has been disabled.
WARNING - map: /home/guest/src/fpga/usb-serial/usb-serial-demo/proj/lattice/cons
     traints/ulx3s_v20_sdr.lpf(170): Semantic error in "IOBUF PORT "audio_v[0]"
     PULLMODE=NONE IO_TYPE=LVCMOS33 DRIVE=16 ;": Port "audio_v[0]" does not
     exist in the design. This preference has been disabled.
WARNING - map: /home/guest/src/fpga/usb-serial/usb-serial-demo/proj/lattice/cons
     traints/ulx3s_v20_sdr.lpf(178): Semantic error in "LOCATE COMP "wifi_gpio5"
     SITE "N4" ;": COMP "wifi_gpio5" cannot be found in design. This preference
     has been disabled.
WARNING - map: /home/guest/src/fpga/usb-serial/usb-serial-demo/proj/lattice/cons
     traints/ulx3s_v20_sdr.lpf(180): Semantic error in "LOCATE COMP
     "wifi_gpio17" SITE "N3" ;": COMP "wifi_gpio17" cannot be found in design.
     This preference has been disabled.
WARNING - map: /home/guest/src/fpga/usb-serial/usb-serial-demo/proj/lattice/cons
     traints/ulx3s_v20_sdr.lpf(184): Semantic error in "IOBUF PORT "wifi_txd"
     PULLMODE=UP IO_TYPE=LVCMOS33 DRIVE=4 ;": Port "wifi_txd" does not exist in
     the design. This preference has been disabled.

                                    Page 7




Design:  ulx3s_usbtest                                 Date:  12/17/18  22:26:04

Design Errors/Warnings (cont)
-----------------------------
WARNING - map: /home/guest/src/fpga/usb-serial/usb-serial-demo/proj/lattice/cons
     traints/ulx3s_v20_sdr.lpf(186): Semantic error in "IOBUF PORT "wifi_gpio16"
     PULLMODE=UP IO_TYPE=LVCMOS33 DRIVE=4 ;": Port "wifi_gpio16" does not exist
     in the design. This preference has been disabled.
WARNING - map: /home/guest/src/fpga/usb-serial/usb-serial-demo/proj/lattice/cons
     traints/ulx3s_v20_sdr.lpf(187): Semantic error in "IOBUF PORT "wifi_gpio17"
     PULLMODE=UP IO_TYPE=LVCMOS33 DRIVE=4 ;": Port "wifi_gpio17" does not exist
     in the design. This preference has been disabled.
WARNING - map: /home/guest/src/fpga/usb-serial/usb-serial-demo/proj/lattice/cons
     traints/ulx3s_v20_sdr.lpf(191): Semantic error in "LOCATE COMP "ant_433mhz"
     SITE "G1" ;": COMP "ant_433mhz" cannot be found in design. This preference
     has been disabled.
WARNING - map: /home/guest/src/fpga/usb-serial/usb-serial-demo/proj/lattice/cons
     traints/ulx3s_v20_sdr.lpf(192): Semantic error in "IOBUF PORT "ant_433mhz"
     PULLMODE=NONE IO_TYPE=LVCMOS33 DRIVE=4 ;": Port "ant_433mhz" does not exist
     in the design. This preference has been disabled.
WARNING - map: /home/guest/src/fpga/usb-serial/usb-serial-demo/proj/lattice/cons
     traints/ulx3s_v20_sdr.lpf(196): Semantic error in "LOCATE COMP
     "usb_fpga_dn" SITE "F16" ;": COMP "usb_fpga_dn" cannot be found in design.
     This preference has been disabled.
WARNING - map: /home/guest/src/fpga/usb-serial/usb-serial-demo/proj/lattice/cons
     traints/ulx3s_v20_sdr.lpf(197): Semantic error in "IOBUF PORT "usb_fpga_dp"
     PULLMODE=NONE IO_TYPE=LVCMOS33D DRIVE=4 ;": Port "usb_fpga_dp" does not
     exist in the design. This preference has been disabled.
WARNING - map: /home/guest/src/fpga/usb-serial/usb-serial-demo/proj/lattice/cons
     traints/ulx3s_v20_sdr.lpf(198): Semantic error in "IOBUF PORT "usb_fpga_dn"
     PULLMODE=NONE IO_TYPE=LVCMOS33D DRIVE=4 ;": Port "usb_fpga_dn" does not
     exist in the design. This preference has been disabled.
WARNING - map: /home/guest/src/fpga/usb-serial/usb-serial-demo/proj/lattice/cons
     traints/ulx3s_v20_sdr.lpf(201): Semantic error in "IOBUF PORT
     "usb_fpga_bd_dp" PULLMODE=NONE IO_TYPE=LVCMOS33 DRIVE=4 ;": Port
     "usb_fpga_bd_dp" does not exist in the design. This preference has been
     disabled.
WARNING - map: /home/guest/src/fpga/usb-serial/usb-serial-demo/proj/lattice/cons
     traints/ulx3s_v20_sdr.lpf(202): Semantic error in "IOBUF PORT
     "usb_fpga_bd_dn" PULLMODE=NONE IO_TYPE=LVCMOS33 DRIVE=4 ;": Port
     "usb_fpga_bd_dn" does not exist in the design. This preference has been
     disabled.
WARNING - map: /home/guest/src/fpga/usb-serial/usb-serial-demo/proj/lattice/cons
     traints/ulx3s_v20_sdr.lpf(206): Semantic error in "IOBUF PORT
     "usb_fpga_pu_dn" PULLMODE=NONE IO_TYPE=LVCMOS33 DRIVE=4 ;": Port
     "usb_fpga_pu_dn" does not exist in the design. This preference has been
     disabled.
WARNING - map: /home/guest/src/fpga/usb-serial/usb-serial-demo/proj/lattice/cons
     traints/ulx3s_v20_sdr.lpf(222): Semantic error in "LOCATE COMP "sdram_clk"
     SITE "F19" ;": COMP "sdram_clk" cannot be found in design. This preference
     has been disabled.
WARNING - map: /home/guest/src/fpga/usb-serial/usb-serial-demo/proj/lattice/cons
     traints/ulx3s_v20_sdr.lpf(223): Semantic error in "LOCATE COMP "sdram_cke"
     SITE "F20" ;": COMP "sdram_cke" cannot be found in design. This preference
     has been disabled.
WARNING - map: /home/guest/src/fpga/usb-serial/usb-serial-demo/proj/lattice/cons
     traints/ulx3s_v20_sdr.lpf(224): Semantic error in "LOCATE COMP "sdram_csn"
     SITE "P20" ;": COMP "sdram_csn" cannot be found in design. This preference
     has been disabled.
WARNING - map: /home/guest/src/fpga/usb-serial/usb-serial-demo/proj/lattice/cons

                                    Page 8




Design:  ulx3s_usbtest                                 Date:  12/17/18  22:26:04

Design Errors/Warnings (cont)
-----------------------------
     traints/ulx3s_v20_sdr.lpf(225): Semantic error in "LOCATE COMP "sdram_wen"
     SITE "T20" ;": COMP "sdram_wen" cannot be found in design. This preference
     has been disabled.
WARNING - map: /home/guest/src/fpga/usb-serial/usb-serial-demo/proj/lattice/cons
     traints/ulx3s_v20_sdr.lpf(226): Semantic error in "LOCATE COMP "sdram_rasn"
     SITE "R20" ;": COMP "sdram_rasn" cannot be found in design. This preference
     has been disabled.
WARNING - map: /home/guest/src/fpga/usb-serial/usb-serial-demo/proj/lattice/cons
     traints/ulx3s_v20_sdr.lpf(227): Semantic error in "LOCATE COMP "sdram_casn"
     SITE "T19" ;": COMP "sdram_casn" cannot be found in design. This preference
     has been disabled.
WARNING - map: /home/guest/src/fpga/usb-serial/usb-serial-demo/proj/lattice/cons
     traints/ulx3s_v20_sdr.lpf(228): Semantic error in "LOCATE COMP "sdram_a[0]"
     SITE "M20" ;": COMP "sdram_a[0]" cannot be found in design. This preference
     has been disabled.
WARNING - map: /home/guest/src/fpga/usb-serial/usb-serial-demo/proj/lattice/cons
     traints/ulx3s_v20_sdr.lpf(229): Semantic error in "LOCATE COMP "sdram_a[1]"
     SITE "M19" ;": COMP "sdram_a[1]" cannot be found in design. This preference
     has been disabled.
WARNING - map: /home/guest/src/fpga/usb-serial/usb-serial-demo/proj/lattice/cons
     traints/ulx3s_v20_sdr.lpf(230): Semantic error in "LOCATE COMP "sdram_a[2]"
     SITE "L20" ;": COMP "sdram_a[2]" cannot be found in design. This preference
     has been disabled.
WARNING - map: /home/guest/src/fpga/usb-serial/usb-serial-demo/proj/lattice/cons
     traints/ulx3s_v20_sdr.lpf(231): Semantic error in "LOCATE COMP "sdram_a[3]"
     SITE "L19" ;": COMP "sdram_a[3]" cannot be found in design. This preference
     has been disabled.
WARNING - map: /home/guest/src/fpga/usb-serial/usb-serial-demo/proj/lattice/cons
     traints/ulx3s_v20_sdr.lpf(232): Semantic error in "LOCATE COMP "sdram_a[4]"
     SITE "K20" ;": COMP "sdram_a[4]" cannot be found in design. This preference
     has been disabled.
WARNING - map: /home/guest/src/fpga/usb-serial/usb-serial-demo/proj/lattice/cons
     traints/ulx3s_v20_sdr.lpf(233): Semantic error in "LOCATE COMP "sdram_a[5]"
     SITE "K19" ;": COMP "sdram_a[5]" cannot be found in design. This preference
     has been disabled.
WARNING - map: /home/guest/src/fpga/usb-serial/usb-serial-demo/proj/lattice/cons
     traints/ulx3s_v20_sdr.lpf(234): Semantic error in "LOCATE COMP "sdram_a[6]"
     SITE "K18" ;": COMP "sdram_a[6]" cannot be found in design. This preference
     has been disabled.
WARNING - map: /home/guest/src/fpga/usb-serial/usb-serial-demo/proj/lattice/cons
     traints/ulx3s_v20_sdr.lpf(235): Semantic error in "LOCATE COMP "sdram_a[7]"
     SITE "J20" ;": COMP "sdram_a[7]" cannot be found in design. This preference
     has been disabled.
WARNING - map: /home/guest/src/fpga/usb-serial/usb-serial-demo/proj/lattice/cons
     traints/ulx3s_v20_sdr.lpf(236): Semantic error in "LOCATE COMP "sdram_a[8]"
     SITE "J19" ;": COMP "sdram_a[8]" cannot be found in design. This preference
     has been disabled.
WARNING - map: /home/guest/src/fpga/usb-serial/usb-serial-demo/proj/lattice/cons
     traints/ulx3s_v20_sdr.lpf(237): Semantic error in "LOCATE COMP "sdram_a[9]"
     SITE "H20" ;": COMP "sdram_a[9]" cannot be found in design. This preference
     has been disabled.
WARNING - map: /home/guest/src/fpga/usb-serial/usb-serial-demo/proj/lattice/cons
     traints/ulx3s_v20_sdr.lpf(238): Semantic error in "LOCATE COMP
     "sdram_a[10]" SITE "N19" ;": COMP "sdram_a[10]" cannot be found in design.
     This preference has been disabled.
WARNING - map: /home/guest/src/fpga/usb-serial/usb-serial-demo/proj/lattice/cons

                                    Page 9




Design:  ulx3s_usbtest                                 Date:  12/17/18  22:26:04

Design Errors/Warnings (cont)
-----------------------------
     traints/ulx3s_v20_sdr.lpf(239): Semantic error in "LOCATE COMP
     "sdram_a[11]" SITE "G20" ;": COMP "sdram_a[11]" cannot be found in design.
     This preference has been disabled.
WARNING - map: /home/guest/src/fpga/usb-serial/usb-serial-demo/proj/lattice/cons
     traints/ulx3s_v20_sdr.lpf(240): Semantic error in "LOCATE COMP
     "sdram_a[12]" SITE "G19" ;": COMP "sdram_a[12]" cannot be found in design.
     This preference has been disabled.
WARNING - map: /home/guest/src/fpga/usb-serial/usb-serial-demo/proj/lattice/cons
     traints/ulx3s_v20_sdr.lpf(241): Semantic error in "LOCATE COMP
     "sdram_ba[0]" SITE "P19" ;": COMP "sdram_ba[0]" cannot be found in design.
     This preference has been disabled.
WARNING - map: /home/guest/src/fpga/usb-serial/usb-serial-demo/proj/lattice/cons
     traints/ulx3s_v20_sdr.lpf(242): Semantic error in "LOCATE COMP
     "sdram_ba[1]" SITE "N20" ;": COMP "sdram_ba[1]" cannot be found in design.
     This preference has been disabled.
WARNING - map: /home/guest/src/fpga/usb-serial/usb-serial-demo/proj/lattice/cons
     traints/ulx3s_v20_sdr.lpf(243): Semantic error in "LOCATE COMP
     "sdram_dqm[0]" SITE "U19" ;": COMP "sdram_dqm[0]" cannot be found in
     design. This preference has been disabled.
WARNING - map: /home/guest/src/fpga/usb-serial/usb-serial-demo/proj/lattice/cons
     traints/ulx3s_v20_sdr.lpf(244): Semantic error in "LOCATE COMP
     "sdram_dqm[1]" SITE "E20" ;": COMP "sdram_dqm[1]" cannot be found in
     design. This preference has been disabled.
WARNING - map: /home/guest/src/fpga/usb-serial/usb-serial-demo/proj/lattice/cons
     traints/ulx3s_v20_sdr.lpf(245): Semantic error in "LOCATE COMP "sdram_d[0]"
     SITE "J16" ;": COMP "sdram_d[0]" cannot be found in design. This preference
     has been disabled.
WARNING - map: /home/guest/src/fpga/usb-serial/usb-serial-demo/proj/lattice/cons
     traints/ulx3s_v20_sdr.lpf(246): Semantic error in "LOCATE COMP "sdram_d[1]"
     SITE "L18" ;": COMP "sdram_d[1]" cannot be found in design. This preference
     has been disabled.
WARNING - map: /home/guest/src/fpga/usb-serial/usb-serial-demo/proj/lattice/cons
     traints/ulx3s_v20_sdr.lpf(247): Semantic error in "LOCATE COMP "sdram_d[2]"
     SITE "M18" ;": COMP "sdram_d[2]" cannot be found in design. This preference
     has been disabled.
WARNING - map: /home/guest/src/fpga/usb-serial/usb-serial-demo/proj/lattice/cons
     traints/ulx3s_v20_sdr.lpf(248): Semantic error in "LOCATE COMP "sdram_d[3]"
     SITE "N18" ;": COMP "sdram_d[3]" cannot be found in design. This preference
     has been disabled.
WARNING - map: /home/guest/src/fpga/usb-serial/usb-serial-demo/proj/lattice/cons
     traints/ulx3s_v20_sdr.lpf(249): Semantic error in "LOCATE COMP "sdram_d[4]"
     SITE "P18" ;": COMP "sdram_d[4]" cannot be found in design. This preference
     has been disabled.
WARNING - map: /home/guest/src/fpga/usb-serial/usb-serial-demo/proj/lattice/cons
     traints/ulx3s_v20_sdr.lpf(250): Semantic error in "LOCATE COMP "sdram_d[5]"
     SITE "T18" ;": COMP "sdram_d[5]" cannot be found in design. This preference
     has been disabled.
WARNING - map: /home/guest/src/fpga/usb-serial/usb-serial-demo/proj/lattice/cons
     traints/ulx3s_v20_sdr.lpf(251): Semantic error in "LOCATE COMP "sdram_d[6]"
     SITE "T17" ;": COMP "sdram_d[6]" cannot be found in design. This preference
     has been disabled.
WARNING - map: /home/guest/src/fpga/usb-serial/usb-serial-demo/proj/lattice/cons
     traints/ulx3s_v20_sdr.lpf(252): Semantic error in "LOCATE COMP "sdram_d[7]"
     SITE "U20" ;": COMP "sdram_d[7]" cannot be found in design. This preference
     has been disabled.
WARNING - map: /home/guest/src/fpga/usb-serial/usb-serial-demo/proj/lattice/cons

                                   Page 10




Design:  ulx3s_usbtest                                 Date:  12/17/18  22:26:04

Design Errors/Warnings (cont)
-----------------------------
     traints/ulx3s_v20_sdr.lpf(253): Semantic error in "LOCATE COMP "sdram_d[8]"
     SITE "E19" ;": COMP "sdram_d[8]" cannot be found in design. This preference
     has been disabled.
WARNING - map: /home/guest/src/fpga/usb-serial/usb-serial-demo/proj/lattice/cons
     traints/ulx3s_v20_sdr.lpf(254): Semantic error in "LOCATE COMP "sdram_d[9]"
     SITE "D20" ;": COMP "sdram_d[9]" cannot be found in design. This preference
     has been disabled.
WARNING - map: /home/guest/src/fpga/usb-serial/usb-serial-demo/proj/lattice/cons
     traints/ulx3s_v20_sdr.lpf(255): Semantic error in "LOCATE COMP
     "sdram_d[10]" SITE "D19" ;": COMP "sdram_d[10]" cannot be found in design.
     This preference has been disabled.
WARNING - map: /home/guest/src/fpga/usb-serial/usb-serial-demo/proj/lattice/cons
     traints/ulx3s_v20_sdr.lpf(256): Semantic error in "LOCATE COMP
     "sdram_d[11]" SITE "C20" ;": COMP "sdram_d[11]" cannot be found in design.
     This preference has been disabled.
WARNING - map: /home/guest/src/fpga/usb-serial/usb-serial-demo/proj/lattice/cons
     traints/ulx3s_v20_sdr.lpf(257): Semantic error in "LOCATE COMP
     "sdram_d[12]" SITE "E18" ;": COMP "sdram_d[12]" cannot be found in design.
     This preference has been disabled.
WARNING - map: /home/guest/src/fpga/usb-serial/usb-serial-demo/proj/lattice/cons
     traints/ulx3s_v20_sdr.lpf(258): Semantic error in "LOCATE COMP
     "sdram_d[13]" SITE "F18" ;": COMP "sdram_d[13]" cannot be found in design.
     This preference has been disabled.
WARNING - map: /home/guest/src/fpga/usb-serial/usb-serial-demo/proj/lattice/cons
     traints/ulx3s_v20_sdr.lpf(259): Semantic error in "LOCATE COMP
     "sdram_d[14]" SITE "J18" ;": COMP "sdram_d[14]" cannot be found in design.
     This preference has been disabled.
WARNING - map: /home/guest/src/fpga/usb-serial/usb-serial-demo/proj/lattice/cons
     traints/ulx3s_v20_sdr.lpf(260): Semantic error in "LOCATE COMP
     "sdram_d[15]" SITE "J17" ;": COMP "sdram_d[15]" cannot be found in design.
     This preference has been disabled.
WARNING - map: /home/guest/src/fpga/usb-serial/usb-serial-demo/proj/lattice/cons
     traints/ulx3s_v20_sdr.lpf(261): Semantic error in "IOBUF PORT "sdram_clk"
     PULLMODE=NONE IO_TYPE=LVCMOS33 DRIVE=4 ;": Port "sdram_clk" does not exist
     in the design. This preference has been disabled.
WARNING - map: /home/guest/src/fpga/usb-serial/usb-serial-demo/proj/lattice/cons
     traints/ulx3s_v20_sdr.lpf(262): Semantic error in "IOBUF PORT "sdram_cke"
     PULLMODE=NONE IO_TYPE=LVCMOS33 DRIVE=4 ;": Port "sdram_cke" does not exist
     in the design. This preference has been disabled.
WARNING - map: /home/guest/src/fpga/usb-serial/usb-serial-demo/proj/lattice/cons
     traints/ulx3s_v20_sdr.lpf(263): Semantic error in "IOBUF PORT "sdram_csn"
     PULLMODE=NONE IO_TYPE=LVCMOS33 DRIVE=4 ;": Port "sdram_csn" does not exist
     in the design. This preference has been disabled.
WARNING - map: /home/guest/src/fpga/usb-serial/usb-serial-demo/proj/lattice/cons
     traints/ulx3s_v20_sdr.lpf(264): Semantic error in "IOBUF PORT "sdram_wen"
     PULLMODE=NONE IO_TYPE=LVCMOS33 DRIVE=4 ;": Port "sdram_wen" does not exist
     in the design. This preference has been disabled.
WARNING - map: /home/guest/src/fpga/usb-serial/usb-serial-demo/proj/lattice/cons
     traints/ulx3s_v20_sdr.lpf(265): Semantic error in "IOBUF PORT "sdram_rasn"
     PULLMODE=NONE IO_TYPE=LVCMOS33 DRIVE=4 ;": Port "sdram_rasn" does not exist
     in the design. This preference has been disabled.
WARNING - map: /home/guest/src/fpga/usb-serial/usb-serial-demo/proj/lattice/cons
     traints/ulx3s_v20_sdr.lpf(266): Semantic error in "IOBUF PORT "sdram_casn"
     PULLMODE=NONE IO_TYPE=LVCMOS33 DRIVE=4 ;": Port "sdram_casn" does not exist
     in the design. This preference has been disabled.
WARNING - map: /home/guest/src/fpga/usb-serial/usb-serial-demo/proj/lattice/cons

                                   Page 11




Design:  ulx3s_usbtest                                 Date:  12/17/18  22:26:04

Design Errors/Warnings (cont)
-----------------------------
     traints/ulx3s_v20_sdr.lpf(267): Semantic error in "IOBUF PORT "sdram_a[0]"
     PULLMODE=NONE IO_TYPE=LVCMOS33 DRIVE=4 ;": Port "sdram_a[0]" does not exist
     in the design. This preference has been disabled.
WARNING - map: /home/guest/src/fpga/usb-serial/usb-serial-demo/proj/lattice/cons
     traints/ulx3s_v20_sdr.lpf(268): Semantic error in "IOBUF PORT "sdram_a[1]"
     PULLMODE=NONE IO_TYPE=LVCMOS33 DRIVE=4 ;": Port "sdram_a[1]" does not exist
     in the design. This preference has been disabled.
WARNING - map: /home/guest/src/fpga/usb-serial/usb-serial-demo/proj/lattice/cons
     traints/ulx3s_v20_sdr.lpf(269): Semantic error in "IOBUF PORT "sdram_a[2]"
     PULLMODE=NONE IO_TYPE=LVCMOS33 DRIVE=4 ;": Port "sdram_a[2]" does not exist
     in the design. This preference has been disabled.
WARNING - map: /home/guest/src/fpga/usb-serial/usb-serial-demo/proj/lattice/cons
     traints/ulx3s_v20_sdr.lpf(270): Semantic error in "IOBUF PORT "sdram_a[3]"
     PULLMODE=NONE IO_TYPE=LVCMOS33 DRIVE=4 ;": Port "sdram_a[3]" does not exist
     in the design. This preference has been disabled.
WARNING - map: /home/guest/src/fpga/usb-serial/usb-serial-demo/proj/lattice/cons
     traints/ulx3s_v20_sdr.lpf(271): Semantic error in "IOBUF PORT "sdram_a[4]"
     PULLMODE=NONE IO_TYPE=LVCMOS33 DRIVE=4 ;": Port "sdram_a[4]" does not exist
     in the design. This preference has been disabled.
WARNING - map: /home/guest/src/fpga/usb-serial/usb-serial-demo/proj/lattice/cons
     traints/ulx3s_v20_sdr.lpf(272): Semantic error in "IOBUF PORT "sdram_a[5]"
     PULLMODE=NONE IO_TYPE=LVCMOS33 DRIVE=4 ;": Port "sdram_a[5]" does not exist
     in the design. This preference has been disabled.
WARNING - map: /home/guest/src/fpga/usb-serial/usb-serial-demo/proj/lattice/cons
     traints/ulx3s_v20_sdr.lpf(273): Semantic error in "IOBUF PORT "sdram_a[6]"
     PULLMODE=NONE IO_TYPE=LVCMOS33 DRIVE=4 ;": Port "sdram_a[6]" does not exist
     in the design. This preference has been disabled.
WARNING - map: /home/guest/src/fpga/usb-serial/usb-serial-demo/proj/lattice/cons
     traints/ulx3s_v20_sdr.lpf(274): Semantic error in "IOBUF PORT "sdram_a[7]"
     PULLMODE=NONE IO_TYPE=LVCMOS33 DRIVE=4 ;": Port "sdram_a[7]" does not exist
     in the design. This preference has been disabled.
WARNING - map: /home/guest/src/fpga/usb-serial/usb-serial-demo/proj/lattice/cons
     traints/ulx3s_v20_sdr.lpf(275): Semantic error in "IOBUF PORT "sdram_a[8]"
     PULLMODE=NONE IO_TYPE=LVCMOS33 DRIVE=4 ;": Port "sdram_a[8]" does not exist
     in the design. This preference has been disabled.
WARNING - map: /home/guest/src/fpga/usb-serial/usb-serial-demo/proj/lattice/cons
     traints/ulx3s_v20_sdr.lpf(276): Semantic error in "IOBUF PORT "sdram_a[9]"
     PULLMODE=NONE IO_TYPE=LVCMOS33 DRIVE=4 ;": Port "sdram_a[9]" does not exist
     in the design. This preference has been disabled.
WARNING - map: /home/guest/src/fpga/usb-serial/usb-serial-demo/proj/lattice/cons
     traints/ulx3s_v20_sdr.lpf(277): Semantic error in "IOBUF PORT "sdram_a[10]"
     PULLMODE=NONE IO_TYPE=LVCMOS33 DRIVE=4 ;": Port "sdram_a[10]" does not
     exist in the design. This preference has been disabled.
WARNING - map: /home/guest/src/fpga/usb-serial/usb-serial-demo/proj/lattice/cons
     traints/ulx3s_v20_sdr.lpf(278): Semantic error in "IOBUF PORT "sdram_a[11]"
     PULLMODE=NONE IO_TYPE=LVCMOS33 DRIVE=4 ;": Port "sdram_a[11]" does not
     exist in the design. This preference has been disabled.
WARNING - map: /home/guest/src/fpga/usb-serial/usb-serial-demo/proj/lattice/cons
     traints/ulx3s_v20_sdr.lpf(279): Semantic error in "IOBUF PORT "sdram_a[12]"
     PULLMODE=NONE IO_TYPE=LVCMOS33 DRIVE=4 ;": Port "sdram_a[12]" does not
     exist in the design. This preference has been disabled.
WARNING - map: /home/guest/src/fpga/usb-serial/usb-serial-demo/proj/lattice/cons
     traints/ulx3s_v20_sdr.lpf(280): Semantic error in "IOBUF PORT "sdram_ba[0]"
     PULLMODE=NONE IO_TYPE=LVCMOS33 DRIVE=4 ;": Port "sdram_ba[0]" does not
     exist in the design. This preference has been disabled.
WARNING - map: /home/guest/src/fpga/usb-serial/usb-serial-demo/proj/lattice/cons

                                   Page 12




Design:  ulx3s_usbtest                                 Date:  12/17/18  22:26:04

Design Errors/Warnings (cont)
-----------------------------
     traints/ulx3s_v20_sdr.lpf(281): Semantic error in "IOBUF PORT "sdram_ba[1]"
     PULLMODE=NONE IO_TYPE=LVCMOS33 DRIVE=4 ;": Port "sdram_ba[1]" does not
     exist in the design. This preference has been disabled.
WARNING - map: /home/guest/src/fpga/usb-serial/usb-serial-demo/proj/lattice/cons
     traints/ulx3s_v20_sdr.lpf(282): Semantic error in "IOBUF PORT
     "sdram_dqm[0]" PULLMODE=NONE IO_TYPE=LVCMOS33 DRIVE=4 ;": Port
     "sdram_dqm[0]" does not exist in the design. This preference has been
     disabled.
WARNING - map: /home/guest/src/fpga/usb-serial/usb-serial-demo/proj/lattice/cons
     traints/ulx3s_v20_sdr.lpf(283): Semantic error in "IOBUF PORT
     "sdram_dqm[1]" PULLMODE=NONE IO_TYPE=LVCMOS33 DRIVE=4 ;": Port
     "sdram_dqm[1]" does not exist in the design. This preference has been
     disabled.
WARNING - map: /home/guest/src/fpga/usb-serial/usb-serial-demo/proj/lattice/cons
     traints/ulx3s_v20_sdr.lpf(284): Semantic error in "IOBUF PORT "sdram_d[0]"
     PULLMODE=NONE IO_TYPE=LVCMOS33 DRIVE=4 ;": Port "sdram_d[0]" does not exist
     in the design. This preference has been disabled.
WARNING - map: /home/guest/src/fpga/usb-serial/usb-serial-demo/proj/lattice/cons
     traints/ulx3s_v20_sdr.lpf(285): Semantic error in "IOBUF PORT "sdram_d[1]"
     PULLMODE=NONE IO_TYPE=LVCMOS33 DRIVE=4 ;": Port "sdram_d[1]" does not exist
     in the design. This preference has been disabled.
WARNING - map: /home/guest/src/fpga/usb-serial/usb-serial-demo/proj/lattice/cons
     traints/ulx3s_v20_sdr.lpf(286): Semantic error in "IOBUF PORT "sdram_d[2]"
     PULLMODE=NONE IO_TYPE=LVCMOS33 DRIVE=4 ;": Port "sdram_d[2]" does not exist
     in the design. This preference has been disabled.
WARNING - map: /home/guest/src/fpga/usb-serial/usb-serial-demo/proj/lattice/cons
     traints/ulx3s_v20_sdr.lpf(287): Semantic error in "IOBUF PORT "sdram_d[3]"
     PULLMODE=NONE IO_TYPE=LVCMOS33 DRIVE=4 ;": Port "sdram_d[3]" does not exist
     in the design. This preference has been disabled.
WARNING - map: /home/guest/src/fpga/usb-serial/usb-serial-demo/proj/lattice/cons
     traints/ulx3s_v20_sdr.lpf(288): Semantic error in "IOBUF PORT "sdram_d[4]"
     PULLMODE=NONE IO_TYPE=LVCMOS33 DRIVE=4 ;": Port "sdram_d[4]" does not exist
     in the design. This preference has been disabled.
WARNING - map: /home/guest/src/fpga/usb-serial/usb-serial-demo/proj/lattice/cons
     traints/ulx3s_v20_sdr.lpf(289): Semantic error in "IOBUF PORT "sdram_d[5]"
     PULLMODE=NONE IO_TYPE=LVCMOS33 DRIVE=4 ;": Port "sdram_d[5]" does not exist
     in the design. This preference has been disabled.
WARNING - map: /home/guest/src/fpga/usb-serial/usb-serial-demo/proj/lattice/cons
     traints/ulx3s_v20_sdr.lpf(290): Semantic error in "IOBUF PORT "sdram_d[6]"
     PULLMODE=NONE IO_TYPE=LVCMOS33 DRIVE=4 ;": Port "sdram_d[6]" does not exist
     in the design. This preference has been disabled.
WARNING - map: /home/guest/src/fpga/usb-serial/usb-serial-demo/proj/lattice/cons
     traints/ulx3s_v20_sdr.lpf(291): Semantic error in "IOBUF PORT "sdram_d[7]"
     PULLMODE=NONE IO_TYPE=LVCMOS33 DRIVE=4 ;": Port "sdram_d[7]" does not exist
     in the design. This preference has been disabled.
WARNING - map: /home/guest/src/fpga/usb-serial/usb-serial-demo/proj/lattice/cons
     traints/ulx3s_v20_sdr.lpf(292): Semantic error in "IOBUF PORT "sdram_d[8]"
     PULLMODE=NONE IO_TYPE=LVCMOS33 DRIVE=4 ;": Port "sdram_d[8]" does not exist
     in the design. This preference has been disabled.
WARNING - map: /home/guest/src/fpga/usb-serial/usb-serial-demo/proj/lattice/cons
     traints/ulx3s_v20_sdr.lpf(293): Semantic error in "IOBUF PORT "sdram_d[9]"
     PULLMODE=NONE IO_TYPE=LVCMOS33 DRIVE=4 ;": Port "sdram_d[9]" does not exist
     in the design. This preference has been disabled.
WARNING - map: /home/guest/src/fpga/usb-serial/usb-serial-demo/proj/lattice/cons
     traints/ulx3s_v20_sdr.lpf(294): Semantic error in "IOBUF PORT "sdram_d[10]"
     PULLMODE=NONE IO_TYPE=LVCMOS33 DRIVE=4 ;": Port "sdram_d[10]" does not

                                   Page 13




Design:  ulx3s_usbtest                                 Date:  12/17/18  22:26:04

Design Errors/Warnings (cont)
-----------------------------
     exist in the design. This preference has been disabled.
WARNING - map: /home/guest/src/fpga/usb-serial/usb-serial-demo/proj/lattice/cons
     traints/ulx3s_v20_sdr.lpf(295): Semantic error in "IOBUF PORT "sdram_d[11]"
     PULLMODE=NONE IO_TYPE=LVCMOS33 DRIVE=4 ;": Port "sdram_d[11]" does not
     exist in the design. This preference has been disabled.
WARNING - map: /home/guest/src/fpga/usb-serial/usb-serial-demo/proj/lattice/cons
     traints/ulx3s_v20_sdr.lpf(296): Semantic error in "IOBUF PORT "sdram_d[12]"
     PULLMODE=NONE IO_TYPE=LVCMOS33 DRIVE=4 ;": Port "sdram_d[12]" does not
     exist in the design. This preference has been disabled.
WARNING - map: /home/guest/src/fpga/usb-serial/usb-serial-demo/proj/lattice/cons
     traints/ulx3s_v20_sdr.lpf(297): Semantic error in "IOBUF PORT "sdram_d[13]"
     PULLMODE=NONE IO_TYPE=LVCMOS33 DRIVE=4 ;": Port "sdram_d[13]" does not
     exist in the design. This preference has been disabled.
WARNING - map: /home/guest/src/fpga/usb-serial/usb-serial-demo/proj/lattice/cons
     traints/ulx3s_v20_sdr.lpf(298): Semantic error in "IOBUF PORT "sdram_d[14]"
     PULLMODE=NONE IO_TYPE=LVCMOS33 DRIVE=4 ;": Port "sdram_d[14]" does not
     exist in the design. This preference has been disabled.
WARNING - map: /home/guest/src/fpga/usb-serial/usb-serial-demo/proj/lattice/cons
     traints/ulx3s_v20_sdr.lpf(299): Semantic error in "IOBUF PORT "sdram_d[15]"
     PULLMODE=NONE IO_TYPE=LVCMOS33 DRIVE=4 ;": Port "sdram_d[15]" does not
     exist in the design. This preference has been disabled.
WARNING - map: /home/guest/src/fpga/usb-serial/usb-serial-demo/proj/lattice/cons
     traints/ulx3s_v20_sdr.lpf(302): Semantic error in "LOCATE COMP "gpdi_dp[0]"
     SITE "A16" ;": COMP "gpdi_dp[0]" cannot be found in design. This preference
     has been disabled.
WARNING - map: /home/guest/src/fpga/usb-serial/usb-serial-demo/proj/lattice/cons
     traints/ulx3s_v20_sdr.lpf(303): Semantic error in "LOCATE COMP "gpdi_dn[0]"
     SITE "B16" ;": COMP "gpdi_dn[0]" cannot be found in design. This preference
     has been disabled.
WARNING - map: /home/guest/src/fpga/usb-serial/usb-serial-demo/proj/lattice/cons
     traints/ulx3s_v20_sdr.lpf(304): Semantic error in "LOCATE COMP "gpdi_dp[1]"
     SITE "A14" ;": COMP "gpdi_dp[1]" cannot be found in design. This preference
     has been disabled.
WARNING - map: /home/guest/src/fpga/usb-serial/usb-serial-demo/proj/lattice/cons
     traints/ulx3s_v20_sdr.lpf(305): Semantic error in "LOCATE COMP "gpdi_dn[1]"
     SITE "C14" ;": COMP "gpdi_dn[1]" cannot be found in design. This preference
     has been disabled.
WARNING - map: /home/guest/src/fpga/usb-serial/usb-serial-demo/proj/lattice/cons
     traints/ulx3s_v20_sdr.lpf(306): Semantic error in "LOCATE COMP "gpdi_dp[2]"
     SITE "A12" ;": COMP "gpdi_dp[2]" cannot be found in design. This preference
     has been disabled.
WARNING - map: /home/guest/src/fpga/usb-serial/usb-serial-demo/proj/lattice/cons
     traints/ulx3s_v20_sdr.lpf(307): Semantic error in "LOCATE COMP "gpdi_dn[2]"
     SITE "A13" ;": COMP "gpdi_dn[2]" cannot be found in design. This preference
     has been disabled.
WARNING - map: /home/guest/src/fpga/usb-serial/usb-serial-demo/proj/lattice/cons
     traints/ulx3s_v20_sdr.lpf(308): Semantic error in "LOCATE COMP "gpdi_dp[3]"
     SITE "A17" ;": COMP "gpdi_dp[3]" cannot be found in design. This preference
     has been disabled.
WARNING - map: /home/guest/src/fpga/usb-serial/usb-serial-demo/proj/lattice/cons
     traints/ulx3s_v20_sdr.lpf(309): Semantic error in "LOCATE COMP "gpdi_dn[3]"
     SITE "B18" ;": COMP "gpdi_dn[3]" cannot be found in design. This preference
     has been disabled.
WARNING - map: /home/guest/src/fpga/usb-serial/usb-serial-demo/proj/lattice/cons
     traints/ulx3s_v20_sdr.lpf(310): Semantic error in "LOCATE COMP "gpdi_ethp"
     SITE "A19" ;": COMP "gpdi_ethp" cannot be found in design. This preference

                                   Page 14




Design:  ulx3s_usbtest                                 Date:  12/17/18  22:26:04

Design Errors/Warnings (cont)
-----------------------------
     has been disabled.
WARNING - map: /home/guest/src/fpga/usb-serial/usb-serial-demo/proj/lattice/cons
     traints/ulx3s_v20_sdr.lpf(311): Semantic error in "LOCATE COMP "gpdi_ethn"
     SITE "B20" ;": COMP "gpdi_ethn" cannot be found in design. This preference
     has been disabled.
WARNING - map: /home/guest/src/fpga/usb-serial/usb-serial-demo/proj/lattice/cons
     traints/ulx3s_v20_sdr.lpf(312): Semantic error in "LOCATE COMP "gpdi_cec"
     SITE "A18" ;": COMP "gpdi_cec" cannot be found in design. This preference
     has been disabled.
WARNING - map: /home/guest/src/fpga/usb-serial/usb-serial-demo/proj/lattice/cons
     traints/ulx3s_v20_sdr.lpf(313): Semantic error in "LOCATE COMP "gpdi_sda"
     SITE "B19" ;": COMP "gpdi_sda" cannot be found in design. This preference
     has been disabled.
WARNING - map: /home/guest/src/fpga/usb-serial/usb-serial-demo/proj/lattice/cons
     traints/ulx3s_v20_sdr.lpf(314): Semantic error in "LOCATE COMP "gpdi_scl"
     SITE "E12" ;": COMP "gpdi_scl" cannot be found in design. This preference
     has been disabled.
WARNING - map: /home/guest/src/fpga/usb-serial/usb-serial-demo/proj/lattice/cons
     traints/ulx3s_v20_sdr.lpf(315): Semantic error in "IOBUF PORT "gpdi_dp[0]"
     IO_TYPE=LVCMOS33 DRIVE=4 ;": Port "gpdi_dp[0]" does not exist in the
     design. This preference has been disabled.
WARNING - map: /home/guest/src/fpga/usb-serial/usb-serial-demo/proj/lattice/cons
     traints/ulx3s_v20_sdr.lpf(316): Semantic error in "IOBUF PORT "gpdi_dn[0]"
     IO_TYPE=LVCMOS33 DRIVE=4 ;": Port "gpdi_dn[0]" does not exist in the
     design. This preference has been disabled.
WARNING - map: /home/guest/src/fpga/usb-serial/usb-serial-demo/proj/lattice/cons
     traints/ulx3s_v20_sdr.lpf(317): Semantic error in "IOBUF PORT "gpdi_dp[1]"
     IO_TYPE=LVCMOS33 DRIVE=4 ;": Port "gpdi_dp[1]" does not exist in the
     design. This preference has been disabled.
WARNING - map: /home/guest/src/fpga/usb-serial/usb-serial-demo/proj/lattice/cons
     traints/ulx3s_v20_sdr.lpf(318): Semantic error in "IOBUF PORT "gpdi_dn[1]"
     IO_TYPE=LVCMOS33 DRIVE=4 ;": Port "gpdi_dn[1]" does not exist in the
     design. This preference has been disabled.
WARNING - map: /home/guest/src/fpga/usb-serial/usb-serial-demo/proj/lattice/cons
     traints/ulx3s_v20_sdr.lpf(319): Semantic error in "IOBUF PORT "gpdi_dp[2]"
     IO_TYPE=LVCMOS33 DRIVE=4 ;": Port "gpdi_dp[2]" does not exist in the
     design. This preference has been disabled.
WARNING - map: /home/guest/src/fpga/usb-serial/usb-serial-demo/proj/lattice/cons
     traints/ulx3s_v20_sdr.lpf(320): Semantic error in "IOBUF PORT "gpdi_dn[2]"
     IO_TYPE=LVCMOS33 DRIVE=4 ;": Port "gpdi_dn[2]" does not exist in the
     design. This preference has been disabled.
WARNING - map: /home/guest/src/fpga/usb-serial/usb-serial-demo/proj/lattice/cons
     traints/ulx3s_v20_sdr.lpf(321): Semantic error in "IOBUF PORT "gpdi_dp[3]"
     IO_TYPE=LVCMOS33 DRIVE=4 ;": Port "gpdi_dp[3]" does not exist in the
     design. This preference has been disabled.
WARNING - map: /home/guest/src/fpga/usb-serial/usb-serial-demo/proj/lattice/cons
     traints/ulx3s_v20_sdr.lpf(322): Semantic error in "IOBUF PORT "gpdi_dn[3]"
     IO_TYPE=LVCMOS33 DRIVE=4 ;": Port "gpdi_dn[3]" does not exist in the
     design. This preference has been disabled.
WARNING - map: /home/guest/src/fpga/usb-serial/usb-serial-demo/proj/lattice/cons
     traints/ulx3s_v20_sdr.lpf(323): Semantic error in "IOBUF PORT "gpdi_ethp"
     IO_TYPE=LVCMOS33 DRIVE=4 ;": Port "gpdi_ethp" does not exist in the design.
     This preference has been disabled.
WARNING - map: /home/guest/src/fpga/usb-serial/usb-serial-demo/proj/lattice/cons
     traints/ulx3s_v20_sdr.lpf(324): Semantic error in "IOBUF PORT "gpdi_ethn"
     IO_TYPE=LVCMOS33 DRIVE=4 ;": Port "gpdi_ethn" does not exist in the design.

                                   Page 15




Design:  ulx3s_usbtest                                 Date:  12/17/18  22:26:04

Design Errors/Warnings (cont)
-----------------------------
     This preference has been disabled.
WARNING - map: /home/guest/src/fpga/usb-serial/usb-serial-demo/proj/lattice/cons
     traints/ulx3s_v20_sdr.lpf(325): Semantic error in "IOBUF PORT "gpdi_cec"
     PULLMODE=UP IO_TYPE=LVCMOS33 DRIVE=4 ;": Port "gpdi_cec" does not exist in
     the design. This preference has been disabled.
WARNING - map: /home/guest/src/fpga/usb-serial/usb-serial-demo/proj/lattice/cons
     traints/ulx3s_v20_sdr.lpf(326): Semantic error in "IOBUF PORT "gpdi_sda"
     PULLMODE=UP IO_TYPE=LVCMOS33 DRIVE=4 ;": Port "gpdi_sda" does not exist in
     the design. This preference has been disabled.
WARNING - map: /home/guest/src/fpga/usb-serial/usb-serial-demo/proj/lattice/cons
     traints/ulx3s_v20_sdr.lpf(327): Semantic error in "IOBUF PORT "gpdi_scl"
     PULLMODE=UP IO_TYPE=LVCMOS33 DRIVE=4 ;": Port "gpdi_scl" does not exist in
     the design. This preference has been disabled.
WARNING - map: /home/guest/src/fpga/usb-serial/usb-serial-demo/proj/lattice/cons
     traints/ulx3s_v20_sdr.lpf(349): Semantic error in "IOBUF PORT "gp[0]"
     PULLMODE=UP IO_TYPE=LVCMOS33 DRIVE=4 ;": Port "gp[0]" does not exist in the
     design. This preference has been disabled.
WARNING - map: /home/guest/src/fpga/usb-serial/usb-serial-demo/proj/lattice/cons
     traints/ulx3s_v20_sdr.lpf(350): Semantic error in "IOBUF PORT "gn[0]"
     PULLMODE=UP IO_TYPE=LVCMOS33 DRIVE=4 ;": Port "gn[0]" does not exist in the
     design. This preference has been disabled.
WARNING - map: /home/guest/src/fpga/usb-serial/usb-serial-demo/proj/lattice/cons
     traints/ulx3s_v20_sdr.lpf(351): Semantic error in "IOBUF PORT "gp[1]"
     PULLMODE=UP IO_TYPE=LVCMOS33 DRIVE=4 ;": Port "gp[1]" does not exist in the
     design. This preference has been disabled.
WARNING - map: /home/guest/src/fpga/usb-serial/usb-serial-demo/proj/lattice/cons
     traints/ulx3s_v20_sdr.lpf(352): Semantic error in "IOBUF PORT "gn[1]"
     PULLMODE=UP IO_TYPE=LVCMOS33 DRIVE=4 ;": Port "gn[1]" does not exist in the
     design. This preference has been disabled.
WARNING - map: /home/guest/src/fpga/usb-serial/usb-serial-demo/proj/lattice/cons
     traints/ulx3s_v20_sdr.lpf(353): Semantic error in "IOBUF PORT "gp[2]"
     PULLMODE=UP IO_TYPE=LVCMOS33 DRIVE=4 ;": Port "gp[2]" does not exist in the
     design. This preference has been disabled.
WARNING - map: /home/guest/src/fpga/usb-serial/usb-serial-demo/proj/lattice/cons
     traints/ulx3s_v20_sdr.lpf(354): Semantic error in "IOBUF PORT "gn[2]"
     PULLMODE=UP IO_TYPE=LVCMOS33 DRIVE=4 ;": Port "gn[2]" does not exist in the
     design. This preference has been disabled.
WARNING - map: /home/guest/src/fpga/usb-serial/usb-serial-demo/proj/lattice/cons
     traints/ulx3s_v20_sdr.lpf(355): Semantic error in "IOBUF PORT "gp[3]"
     PULLMODE=UP IO_TYPE=LVCMOS33 DRIVE=4 ;": Port "gp[3]" does not exist in the
     design. This preference has been disabled.
WARNING - map: /home/guest/src/fpga/usb-serial/usb-serial-demo/proj/lattice/cons
     traints/ulx3s_v20_sdr.lpf(356): Semantic error in "IOBUF PORT "gn[3]"
     PULLMODE=UP IO_TYPE=LVCMOS33 DRIVE=4 ;": Port "gn[3]" does not exist in the
     design. This preference has been disabled.
WARNING - map: /home/guest/src/fpga/usb-serial/usb-serial-demo/proj/lattice/cons
     traints/ulx3s_v20_sdr.lpf(357): Semantic error in "IOBUF PORT "gp[4]"
     PULLMODE=UP IO_TYPE=LVCMOS33 DRIVE=4 ;": Port "gp[4]" does not exist in the
     design. This preference has been disabled.
WARNING - map: /home/guest/src/fpga/usb-serial/usb-serial-demo/proj/lattice/cons
     traints/ulx3s_v20_sdr.lpf(358): Semantic error in "IOBUF PORT "gn[4]"
     PULLMODE=UP IO_TYPE=LVCMOS33 DRIVE=4 ;": Port "gn[4]" does not exist in the
     design. This preference has been disabled.
WARNING - map: /home/guest/src/fpga/usb-serial/usb-serial-demo/proj/lattice/cons
     traints/ulx3s_v20_sdr.lpf(359): Semantic error in "IOBUF PORT "gp[5]"
     PULLMODE=UP IO_TYPE=LVCMOS33 DRIVE=4 ;": Port "gp[5]" does not exist in the

                                   Page 16




Design:  ulx3s_usbtest                                 Date:  12/17/18  22:26:04

Design Errors/Warnings (cont)
-----------------------------
     design. This preference has been disabled.
WARNING - map: /home/guest/src/fpga/usb-serial/usb-serial-demo/proj/lattice/cons
     traints/ulx3s_v20_sdr.lpf(360): Semantic error in "IOBUF PORT "gn[5]"
     PULLMODE=UP IO_TYPE=LVCMOS33 DRIVE=4 ;": Port "gn[5]" does not exist in the
     design. This preference has been disabled.
WARNING - map: /home/guest/src/fpga/usb-serial/usb-serial-demo/proj/lattice/cons
     traints/ulx3s_v20_sdr.lpf(361): Semantic error in "IOBUF PORT "gp[6]"
     PULLMODE=UP IO_TYPE=LVCMOS33 DRIVE=4 ;": Port "gp[6]" does not exist in the
     design. This preference has been disabled.
WARNING - map: /home/guest/src/fpga/usb-serial/usb-serial-demo/proj/lattice/cons
     traints/ulx3s_v20_sdr.lpf(362): Semantic error in "IOBUF PORT "gn[6]"
     PULLMODE=UP IO_TYPE=LVCMOS33 DRIVE=4 ;": Port "gn[6]" does not exist in the
     design. This preference has been disabled.
WARNING - map: /home/guest/src/fpga/usb-serial/usb-serial-demo/proj/lattice/cons
     traints/ulx3s_v20_sdr.lpf(377): Semantic error in "IOBUF PORT "gp[7]"
     PULLMODE=UP IO_TYPE=LVCMOS33 DRIVE=4 ;": Port "gp[7]" does not exist in the
     design. This preference has been disabled.
WARNING - map: /home/guest/src/fpga/usb-serial/usb-serial-demo/proj/lattice/cons
     traints/ulx3s_v20_sdr.lpf(378): Semantic error in "IOBUF PORT "gn[7]"
     PULLMODE=UP IO_TYPE=LVCMOS33 DRIVE=4 ;": Port "gn[7]" does not exist in the
     design. This preference has been disabled.
WARNING - map: /home/guest/src/fpga/usb-serial/usb-serial-demo/proj/lattice/cons
     traints/ulx3s_v20_sdr.lpf(379): Semantic error in "IOBUF PORT "gp[8]"
     PULLMODE=UP IO_TYPE=LVCMOS33 DRIVE=4 ;": Port "gp[8]" does not exist in the
     design. This preference has been disabled.
WARNING - map: /home/guest/src/fpga/usb-serial/usb-serial-demo/proj/lattice/cons
     traints/ulx3s_v20_sdr.lpf(380): Semantic error in "IOBUF PORT "gn[8]"
     PULLMODE=UP IO_TYPE=LVCMOS33 DRIVE=4 ;": Port "gn[8]" does not exist in the
     design. This preference has been disabled.
WARNING - map: /home/guest/src/fpga/usb-serial/usb-serial-demo/proj/lattice/cons
     traints/ulx3s_v20_sdr.lpf(381): Semantic error in "IOBUF PORT "gp[9]"
     PULLMODE=UP IO_TYPE=LVCMOS33 DRIVE=4 ;": Port "gp[9]" does not exist in the
     design. This preference has been disabled.
WARNING - map: /home/guest/src/fpga/usb-serial/usb-serial-demo/proj/lattice/cons
     traints/ulx3s_v20_sdr.lpf(382): Semantic error in "IOBUF PORT "gn[9]"
     PULLMODE=UP IO_TYPE=LVCMOS33 DRIVE=4 ;": Port "gn[9]" does not exist in the
     design. This preference has been disabled.
WARNING - map: /home/guest/src/fpga/usb-serial/usb-serial-demo/proj/lattice/cons
     traints/ulx3s_v20_sdr.lpf(383): Semantic error in "IOBUF PORT "gp[10]"
     PULLMODE=UP IO_TYPE=LVCMOS33 DRIVE=4 ;": Port "gp[10]" does not exist in
     the design. This preference has been disabled.
WARNING - map: /home/guest/src/fpga/usb-serial/usb-serial-demo/proj/lattice/cons
     traints/ulx3s_v20_sdr.lpf(384): Semantic error in "IOBUF PORT "gn[10]"
     PULLMODE=UP IO_TYPE=LVCMOS33 DRIVE=4 ;": Port "gn[10]" does not exist in
     the design. This preference has been disabled.
WARNING - map: /home/guest/src/fpga/usb-serial/usb-serial-demo/proj/lattice/cons
     traints/ulx3s_v20_sdr.lpf(385): Semantic error in "IOBUF PORT "gp[11]"
     PULLMODE=UP IO_TYPE=LVCMOS33 DRIVE=4 ;": Port "gp[11]" does not exist in
     the design. This preference has been disabled.
WARNING - map: /home/guest/src/fpga/usb-serial/usb-serial-demo/proj/lattice/cons
     traints/ulx3s_v20_sdr.lpf(386): Semantic error in "IOBUF PORT "gn[11]"
     PULLMODE=UP IO_TYPE=LVCMOS33 DRIVE=4 ;": Port "gn[11]" does not exist in
     the design. This preference has been disabled.
WARNING - map: /home/guest/src/fpga/usb-serial/usb-serial-demo/proj/lattice/cons
     traints/ulx3s_v20_sdr.lpf(387): Semantic error in "IOBUF PORT "gp[12]"
     PULLMODE=UP IO_TYPE=LVCMOS33 DRIVE=4 ;": Port "gp[12]" does not exist in

                                   Page 17




Design:  ulx3s_usbtest                                 Date:  12/17/18  22:26:04

Design Errors/Warnings (cont)
-----------------------------
     the design. This preference has been disabled.
WARNING - map: /home/guest/src/fpga/usb-serial/usb-serial-demo/proj/lattice/cons
     traints/ulx3s_v20_sdr.lpf(388): Semantic error in "IOBUF PORT "gn[12]"
     PULLMODE=UP IO_TYPE=LVCMOS33 DRIVE=4 ;": Port "gn[12]" does not exist in
     the design. This preference has been disabled.
WARNING - map: /home/guest/src/fpga/usb-serial/usb-serial-demo/proj/lattice/cons
     traints/ulx3s_v20_sdr.lpf(389): Semantic error in "IOBUF PORT "gp[13]"
     PULLMODE=UP IO_TYPE=LVCMOS33 DRIVE=4 ;": Port "gp[13]" does not exist in
     the design. This preference has been disabled.
WARNING - map: /home/guest/src/fpga/usb-serial/usb-serial-demo/proj/lattice/cons
     traints/ulx3s_v20_sdr.lpf(390): Semantic error in "IOBUF PORT "gn[13]"
     PULLMODE=UP IO_TYPE=LVCMOS33 DRIVE=4 ;": Port "gn[13]" does not exist in
     the design. This preference has been disabled.
WARNING - map: /home/guest/src/fpga/usb-serial/usb-serial-demo/proj/lattice/cons
     traints/ulx3s_v20_sdr.lpf(405): Semantic error in "IOBUF PORT "gp[14]"
     PULLMODE=UP IO_TYPE=LVCMOS33 DRIVE=4 ;": Port "gp[14]" does not exist in
     the design. This preference has been disabled.
WARNING - map: /home/guest/src/fpga/usb-serial/usb-serial-demo/proj/lattice/cons
     traints/ulx3s_v20_sdr.lpf(406): Semantic error in "IOBUF PORT "gn[14]"
     PULLMODE=UP IO_TYPE=LVCMOS33 DRIVE=4 ;": Port "gn[14]" does not exist in
     the design. This preference has been disabled.
WARNING - map: /home/guest/src/fpga/usb-serial/usb-serial-demo/proj/lattice/cons
     traints/ulx3s_v20_sdr.lpf(407): Semantic error in "IOBUF PORT "gp[15]"
     PULLMODE=UP IO_TYPE=LVCMOS33 DRIVE=4 ;": Port "gp[15]" does not exist in
     the design. This preference has been disabled.
WARNING - map: /home/guest/src/fpga/usb-serial/usb-serial-demo/proj/lattice/cons
     traints/ulx3s_v20_sdr.lpf(408): Semantic error in "IOBUF PORT "gn[15]"
     PULLMODE=UP IO_TYPE=LVCMOS33 DRIVE=4 ;": Port "gn[15]" does not exist in
     the design. This preference has been disabled.
WARNING - map: /home/guest/src/fpga/usb-serial/usb-serial-demo/proj/lattice/cons
     traints/ulx3s_v20_sdr.lpf(409): Semantic error in "IOBUF PORT "gp[16]"
     PULLMODE=UP IO_TYPE=LVCMOS33 DRIVE=4 ;": Port "gp[16]" does not exist in
     the design. This preference has been disabled.
WARNING - map: /home/guest/src/fpga/usb-serial/usb-serial-demo/proj/lattice/cons
     traints/ulx3s_v20_sdr.lpf(410): Semantic error in "IOBUF PORT "gn[16]"
     PULLMODE=UP IO_TYPE=LVCMOS33 DRIVE=4 ;": Port "gn[16]" does not exist in
     the design. This preference has been disabled.
WARNING - map: /home/guest/src/fpga/usb-serial/usb-serial-demo/proj/lattice/cons
     traints/ulx3s_v20_sdr.lpf(411): Semantic error in "IOBUF PORT "gp[17]"
     PULLMODE=UP IO_TYPE=LVCMOS33 DRIVE=4 ;": Port "gp[17]" does not exist in
     the design. This preference has been disabled.
WARNING - map: /home/guest/src/fpga/usb-serial/usb-serial-demo/proj/lattice/cons
     traints/ulx3s_v20_sdr.lpf(412): Semantic error in "IOBUF PORT "gn[17]"
     PULLMODE=UP IO_TYPE=LVCMOS33 DRIVE=4 ;": Port "gn[17]" does not exist in
     the design. This preference has been disabled.
WARNING - map: /home/guest/src/fpga/usb-serial/usb-serial-demo/proj/lattice/cons
     traints/ulx3s_v20_sdr.lpf(413): Semantic error in "IOBUF PORT "gp[18]"
     PULLMODE=UP IO_TYPE=LVCMOS33 DRIVE=4 ;": Port "gp[18]" does not exist in
     the design. This preference has been disabled.
WARNING - map: /home/guest/src/fpga/usb-serial/usb-serial-demo/proj/lattice/cons
     traints/ulx3s_v20_sdr.lpf(414): Semantic error in "IOBUF PORT "gn[18]"
     PULLMODE=UP IO_TYPE=LVCMOS33 DRIVE=4 ;": Port "gn[18]" does not exist in
     the design. This preference has been disabled.
WARNING - map: /home/guest/src/fpga/usb-serial/usb-serial-demo/proj/lattice/cons
     traints/ulx3s_v20_sdr.lpf(415): Semantic error in "IOBUF PORT "gp[19]"
     PULLMODE=UP IO_TYPE=LVCMOS33 DRIVE=4 ;": Port "gp[19]" does not exist in

                                   Page 18




Design:  ulx3s_usbtest                                 Date:  12/17/18  22:26:04

Design Errors/Warnings (cont)
-----------------------------
     the design. This preference has been disabled.
WARNING - map: /home/guest/src/fpga/usb-serial/usb-serial-demo/proj/lattice/cons
     traints/ulx3s_v20_sdr.lpf(416): Semantic error in "IOBUF PORT "gn[19]"
     PULLMODE=UP IO_TYPE=LVCMOS33 DRIVE=4 ;": Port "gn[19]" does not exist in
     the design. This preference has been disabled.
WARNING - map: /home/guest/src/fpga/usb-serial/usb-serial-demo/proj/lattice/cons
     traints/ulx3s_v20_sdr.lpf(417): Semantic error in "IOBUF PORT "gp[20]"
     PULLMODE=UP IO_TYPE=LVCMOS33 DRIVE=4 ;": Port "gp[20]" does not exist in
     the design. This preference has been disabled.
WARNING - map: /home/guest/src/fpga/usb-serial/usb-serial-demo/proj/lattice/cons
     traints/ulx3s_v20_sdr.lpf(418): Semantic error in "IOBUF PORT "gn[20]"
     PULLMODE=UP IO_TYPE=LVCMOS33 DRIVE=4 ;": Port "gn[20]" does not exist in
     the design. This preference has been disabled.
WARNING - map: /home/guest/src/fpga/usb-serial/usb-serial-demo/proj/lattice/cons
     traints/ulx3s_v20_sdr.lpf(433): Semantic error in "IOBUF PORT "gp[21]"
     PULLMODE=UP IO_TYPE=LVCMOS33 DRIVE=4 ;": Port "gp[21]" does not exist in
     the design. This preference has been disabled.
WARNING - map: /home/guest/src/fpga/usb-serial/usb-serial-demo/proj/lattice/cons
     traints/ulx3s_v20_sdr.lpf(434): Semantic error in "IOBUF PORT "gn[21]"
     PULLMODE=UP IO_TYPE=LVCMOS33 DRIVE=4 ;": Port "gn[21]" does not exist in
     the design. This preference has been disabled.
WARNING - map: /home/guest/src/fpga/usb-serial/usb-serial-demo/proj/lattice/cons
     traints/ulx3s_v20_sdr.lpf(435): Semantic error in "IOBUF PORT "gp[22]"
     PULLMODE=UP IO_TYPE=LVCMOS33 DRIVE=4 ;": Port "gp[22]" does not exist in
     the design. This preference has been disabled.
WARNING - map: /home/guest/src/fpga/usb-serial/usb-serial-demo/proj/lattice/cons
     traints/ulx3s_v20_sdr.lpf(436): Semantic error in "IOBUF PORT "gn[22]"
     PULLMODE=UP IO_TYPE=LVCMOS33 DRIVE=4 ;": Port "gn[22]" does not exist in
     the design. This preference has been disabled.
WARNING - map: /home/guest/src/fpga/usb-serial/usb-serial-demo/proj/lattice/cons
     traints/ulx3s_v20_sdr.lpf(437): Semantic error in "IOBUF PORT "gp[23]"
     PULLMODE=UP IO_TYPE=LVCMOS33 DRIVE=4 ;": Port "gp[23]" does not exist in
     the design. This preference has been disabled.
WARNING - map: /home/guest/src/fpga/usb-serial/usb-serial-demo/proj/lattice/cons
     traints/ulx3s_v20_sdr.lpf(438): Semantic error in "IOBUF PORT "gn[23]"
     PULLMODE=UP IO_TYPE=LVCMOS33 DRIVE=4 ;": Port "gn[23]" does not exist in
     the design. This preference has been disabled.
WARNING - map: /home/guest/src/fpga/usb-serial/usb-serial-demo/proj/lattice/cons
     traints/ulx3s_v20_sdr.lpf(439): Semantic error in "IOBUF PORT "gp[24]"
     PULLMODE=UP IO_TYPE=LVCMOS33 DRIVE=4 ;": Port "gp[24]" does not exist in
     the design. This preference has been disabled.
WARNING - map: /home/guest/src/fpga/usb-serial/usb-serial-demo/proj/lattice/cons
     traints/ulx3s_v20_sdr.lpf(440): Semantic error in "IOBUF PORT "gn[24]"
     PULLMODE=UP IO_TYPE=LVCMOS33 DRIVE=4 ;": Port "gn[24]" does not exist in
     the design. This preference has been disabled.
WARNING - map: /home/guest/src/fpga/usb-serial/usb-serial-demo/proj/lattice/cons
     traints/ulx3s_v20_sdr.lpf(441): Semantic error in "IOBUF PORT "gp[25]"
     PULLMODE=UP IO_TYPE=LVCMOS33 DRIVE=4 ;": Port "gp[25]" does not exist in
     the design. This preference has been disabled.
WARNING - map: /home/guest/src/fpga/usb-serial/usb-serial-demo/proj/lattice/cons
     traints/ulx3s_v20_sdr.lpf(442): Semantic error in "IOBUF PORT "gn[25]"
     PULLMODE=UP IO_TYPE=LVCMOS33 DRIVE=4 ;": Port "gn[25]" does not exist in
     the design. This preference has been disabled.
WARNING - map: /home/guest/src/fpga/usb-serial/usb-serial-demo/proj/lattice/cons
     traints/ulx3s_v20_sdr.lpf(443): Semantic error in "IOBUF PORT "gp[26]"
     PULLMODE=UP IO_TYPE=LVCMOS33 DRIVE=4 ;": Port "gp[26]" does not exist in

                                   Page 19




Design:  ulx3s_usbtest                                 Date:  12/17/18  22:26:04

Design Errors/Warnings (cont)
-----------------------------
     the design. This preference has been disabled.
WARNING - map: /home/guest/src/fpga/usb-serial/usb-serial-demo/proj/lattice/cons
     traints/ulx3s_v20_sdr.lpf(444): Semantic error in "IOBUF PORT "gn[26]"
     PULLMODE=UP IO_TYPE=LVCMOS33 DRIVE=4 ;": Port "gn[26]" does not exist in
     the design. This preference has been disabled.
WARNING - map: /home/guest/src/fpga/usb-serial/usb-serial-demo/proj/lattice/cons
     traints/ulx3s_v20_sdr.lpf(445): Semantic error in "IOBUF PORT "gp[27]"
     PULLMODE=UP IO_TYPE=LVCMOS33 DRIVE=4 ;": Port "gp[27]" does not exist in
     the design. This preference has been disabled.
WARNING - map: /home/guest/src/fpga/usb-serial/usb-serial-demo/proj/lattice/cons
     traints/ulx3s_v20_sdr.lpf(446): Semantic error in "IOBUF PORT "gn[27]"
     PULLMODE=UP IO_TYPE=LVCMOS33 DRIVE=4 ;": Port "gn[27]" does not exist in
     the design. This preference has been disabled.
WARNING - map: /home/guest/src/fpga/usb-serial/usb-serial-demo/proj/lattice/cons
     traints/ulx3s_v20_sdr.lpf(450): Semantic error in "LOCATE COMP
     "user_programn" SITE "M4" ;": COMP "user_programn" cannot be found in
     design. This preference has been disabled.
WARNING - map: /home/guest/src/fpga/usb-serial/usb-serial-demo/proj/lattice/cons
     traints/ulx3s_v20_sdr.lpf(451): Semantic error in "IOBUF PORT
     "user_programn" PULLMODE=UP IO_TYPE=LVCMOS33 DRIVE=4 ;": Port
     "user_programn" does not exist in the design. This preference has been
     disabled.
WARNING - map: Preference parsing results:  247 semantic errors detected.
WARNING - map: Invalid PULLMODE assignment of 'UP' for output PIO buffer
     'ftdi_rxd_pad' (for ftdi_rxd port). PULLMODE cannot be assigned to output
     buffers and will be ignored.
WARNING - map: Invalid PULLMODE assignment of 'DOWN' for output PIO buffer
     'shutdown_pad' (for shutdown port). PULLMODE cannot be assigned to output
     buffers and will be ignored.
WARNING - map: Invalid PULLMODE assignment of 'UP' for output PIO buffer
     'oled_resn_pad' (for oled_resn port). PULLMODE cannot be assigned to output
     buffers and will be ignored.
WARNING - map: Invalid PULLMODE assignment of 'UP' for output PIO buffer
     'oled_dc_pad' (for oled_dc port). PULLMODE cannot be assigned to output
     buffers and will be ignored.
WARNING - map: Invalid PULLMODE assignment of 'UP' for output PIO buffer
     'oled_mosi_pad' (for oled_mosi port). PULLMODE cannot be assigned to output
     buffers and will be ignored.
WARNING - map: Invalid PULLMODE assignment of 'UP' for output PIO buffer
     'oled_clk_pad' (for oled_clk port). PULLMODE cannot be assigned to output
     buffers and will be ignored.
WARNING - map: Invalid PULLMODE assignment of 'UP' for output PIO buffer
     'oled_csn_pad' (for oled_csn port). PULLMODE cannot be assigned to output
     buffers and will be ignored.
WARNING - map: Invalid DRIVE assignment of '4' for input PIO buffer 'btn_pad[0]'
     (for btn[0] port). DRIVE cannot be assigned to input buffers and will be
     ignored.
WARNING - map: Invalid PULLMODE assignment of 'UP' for output PIO buffer
     'wifi_gpio0_pad' (for wifi_gpio0 port). PULLMODE cannot be assigned to
     output buffers and will be ignored.
WARNING - map: Invalid PULLMODE assignment of 'UP' for output PIO buffer
     'wifi_en_pad' (for wifi_en port). PULLMODE cannot be assigned to output
     buffers and will be ignored.
WARNING - map: Invalid PULLMODE assignment of 'UP' for output PIO buffer
     'wifi_rxd_pad' (for wifi_rxd port). PULLMODE cannot be assigned to output
     buffers and will be ignored.

                                   Page 20




Design:  ulx3s_usbtest                                 Date:  12/17/18  22:26:04

Design Errors/Warnings (cont)
-----------------------------
WARNING - map: IO buffer missing for top level port ftdi_txd...logic will be
     discarded.
WARNING - map: IO buffer missing for top level port ftdi_ndtr...logic will be
     discarded.
WARNING - map: IO buffer missing for top level port ftdi_ndsr...logic will be
     discarded.
WARNING - map: IO buffer missing for top level port ftdi_nrts...logic will be
     discarded.
WARNING - map: IO buffer missing for top level port ftdi_txden...logic will be
     discarded.
WARNING - map: IO buffer missing for top level port wifi_txd...logic will be
     discarded.
WARNING - map: IO buffer missing for top level port wifi_gpio2...logic will be
     discarded.
WARNING - map: IO buffer missing for top level port wifi_gpio15...logic will be
     discarded.
WARNING - map: IO buffer missing for top level port wifi_gpio16...logic will be
     discarded.
WARNING - map: IO buffer missing for top level port btn[6:0](6)...logic will be
     discarded.
WARNING - map: IO buffer missing for top level port btn[6:0](5)...logic will be
     discarded.
WARNING - map: IO buffer missing for top level port btn[6:0](4)...logic will be
     discarded.
WARNING - map: IO buffer missing for top level port btn[6:0](3)...logic will be
     discarded.
WARNING - map: IO buffer missing for top level port btn[6:0](2)...logic will be
     discarded.
WARNING - map: IO buffer missing for top level port btn[6:0](1)...logic will be
     discarded.
WARNING - map: IO buffer missing for top level port sw[1:4](3)...logic will be
     discarded.
WARNING - map: IO buffer missing for top level port sw[1:4](2)...logic will be
     discarded.
WARNING - map: IO buffer missing for top level port sw[1:4](1)...logic will be
     discarded.
WARNING - map: IO buffer missing for top level port sw[1:4](0)...logic will be
     discarded.
WARNING - map: IO buffer missing for top level port gp[27:0](27)...logic will be
     discarded.
WARNING - map: IO buffer missing for top level port gp[27:0](26)...logic will be
     discarded.
WARNING - map: IO buffer missing for top level port gp[27:0](25)...logic will be
     discarded.
WARNING - map: IO buffer missing for top level port gp[27:0](24)...logic will be
     discarded.
WARNING - map: IO buffer missing for top level port gp[27:0](23)...logic will be
     discarded.
WARNING - map: IO buffer missing for top level port gp[27:0](22)...logic will be
     discarded.
WARNING - map: IO buffer missing for top level port gp[27:0](21)...logic will be
     discarded.
WARNING - map: IO buffer missing for top level port gp[27:0](20)...logic will be
     discarded.
WARNING - map: IO buffer missing for top level port gp[27:0](19)...logic will be
     discarded.

                                   Page 21




Design:  ulx3s_usbtest                                 Date:  12/17/18  22:26:04

Design Errors/Warnings (cont)
-----------------------------
WARNING - map: IO buffer missing for top level port gp[27:0](18)...logic will be
     discarded.
WARNING - map: IO buffer missing for top level port gp[27:0](17)...logic will be
     discarded.
WARNING - map: IO buffer missing for top level port gp[27:0](16)...logic will be
     discarded.
WARNING - map: IO buffer missing for top level port gp[27:0](15)...logic will be
     discarded.
WARNING - map: IO buffer missing for top level port gp[27:0](14)...logic will be
     discarded.
WARNING - map: IO buffer missing for top level port gp[27:0](13)...logic will be
     discarded.
WARNING - map: IO buffer missing for top level port gp[27:0](12)...logic will be
     discarded.
WARNING - map: IO buffer missing for top level port gp[27:0](11)...logic will be
     discarded.
WARNING - map: IO buffer missing for top level port gp[27:0](10)...logic will be
     discarded.
WARNING - map: IO buffer missing for top level port gp[27:0](9)...logic will be
     discarded.
WARNING - map: IO buffer missing for top level port gp[27:0](8)...logic will be
     discarded.
WARNING - map: IO buffer missing for top level port gp[27:0](7)...logic will be
     discarded.
WARNING - map: IO buffer missing for top level port gp[27:0](6)...logic will be
     discarded.
WARNING - map: IO buffer missing for top level port gp[27:0](5)...logic will be
     discarded.
WARNING - map: IO buffer missing for top level port gp[27:0](4)...logic will be
     discarded.
WARNING - map: IO buffer missing for top level port gp[27:0](3)...logic will be
     discarded.
WARNING - map: IO buffer missing for top level port gp[27:0](2)...logic will be
     discarded.
WARNING - map: IO buffer missing for top level port gp[27:0](1)...logic will be
     discarded.
WARNING - map: IO buffer missing for top level port gp[27:0](0)...logic will be
     discarded.
WARNING - map: IO buffer missing for top level port gn[27:0](27)...logic will be
     discarded.
WARNING - map: IO buffer missing for top level port gn[27:0](26)...logic will be
     discarded.
WARNING - map: IO buffer missing for top level port gn[27:0](25)...logic will be
     discarded.
WARNING - map: IO buffer missing for top level port gn[27:0](24)...logic will be
     discarded.
WARNING - map: IO buffer missing for top level port gn[27:0](23)...logic will be
     discarded.
WARNING - map: IO buffer missing for top level port gn[27:0](22)...logic will be
     discarded.
WARNING - map: IO buffer missing for top level port gn[27:0](21)...logic will be
     discarded.
WARNING - map: IO buffer missing for top level port gn[27:0](20)...logic will be
     discarded.
WARNING - map: IO buffer missing for top level port gn[27:0](19)...logic will be
     discarded.

                                   Page 22




Design:  ulx3s_usbtest                                 Date:  12/17/18  22:26:04

Design Errors/Warnings (cont)
-----------------------------
WARNING - map: IO buffer missing for top level port gn[27:0](18)...logic will be
     discarded.
WARNING - map: IO buffer missing for top level port gn[27:0](17)...logic will be
     discarded.
WARNING - map: IO buffer missing for top level port gn[27:0](16)...logic will be
     discarded.
WARNING - map: IO buffer missing for top level port gn[27:0](15)...logic will be
     discarded.
WARNING - map: IO buffer missing for top level port gn[27:0](14)...logic will be
     discarded.
WARNING - map: IO buffer missing for top level port gn[27:0](13)...logic will be
     discarded.
WARNING - map: IO buffer missing for top level port gn[27:0](12)...logic will be
     discarded.
WARNING - map: IO buffer missing for top level port gn[27:0](11)...logic will be
     discarded.
WARNING - map: IO buffer missing for top level port gn[27:0](10)...logic will be
     discarded.
WARNING - map: IO buffer missing for top level port gn[27:0](9)...logic will be
     discarded.
WARNING - map: IO buffer missing for top level port gn[27:0](8)...logic will be
     discarded.
WARNING - map: IO buffer missing for top level port gn[27:0](7)...logic will be
     discarded.
WARNING - map: IO buffer missing for top level port gn[27:0](6)...logic will be
     discarded.
WARNING - map: IO buffer missing for top level port gn[27:0](5)...logic will be
     discarded.
WARNING - map: IO buffer missing for top level port gn[27:0](4)...logic will be
     discarded.
WARNING - map: IO buffer missing for top level port gn[27:0](3)...logic will be
     discarded.
WARNING - map: IO buffer missing for top level port gn[27:0](2)...logic will be
     discarded.
WARNING - map: IO buffer missing for top level port gn[27:0](1)...logic will be
     discarded.
WARNING - map: IO buffer missing for top level port gn[27:0](0)...logic will be
     discarded.
WARNING - map: IO buffer missing for top level port usb_fpga_dp...logic will be
     discarded.
WARNING - map: IO buffer missing for top level port usb_fpga_bd_dp...logic will
     be discarded.
WARNING - map: IO buffer missing for top level port usb_fpga_bd_dn...logic will
     be discarded.
WARNING - map: IO buffer missing for top level port usb_fpga_pu_dn...logic will
     be discarded.
WARNING - map: IO buffer missing for top level port sd_dat3_csn...logic will be
     discarded.
WARNING - map: IO buffer missing for top level port sd_cmd_di...logic will be
     discarded.
WARNING - map: IO buffer missing for top level port sd_dat0_do...logic will be
     discarded.
WARNING - map: IO buffer missing for top level port sd_dat1_irq...logic will be
     discarded.
WARNING - map: IO buffer missing for top level port sd_dat2...logic will be
     discarded.

                                   Page 23




Design:  ulx3s_usbtest                                 Date:  12/17/18  22:26:04

Design Errors/Warnings (cont)
-----------------------------
WARNING - map: IO buffer missing for top level port sd_clk...logic will be
     discarded.
WARNING - map: IO buffer missing for top level port sd_cdn...logic will be
     discarded.
WARNING - map: IO buffer missing for top level port sd_wp...logic will be
     discarded.
WARNING - map: There are semantic errors in the preference file /home/guest/src/
     fpga/usb-serial/usb-serial-demo/proj/lattice/constraints/ulx3s_v20_sdr.lpf.

IO (PIO) Attributes
-------------------

+---------------------+-----------+-----------+------------+
| IO Name             | Direction | Levelmode | IO         |
|                     |           |  IO_TYPE  | Register   |
+---------------------+-----------+-----------+------------+
| ftdi_rxd            | OUTPUT    | LVCMOS33  |            |
+---------------------+-----------+-----------+------------+
| clk_25mhz           | INPUT     | LVCMOS33  |            |
+---------------------+-----------+-----------+------------+
| shutdown            | OUTPUT    | LVCMOS33  |            |
+---------------------+-----------+-----------+------------+
| usb_fpga_pu_dp      | OUTPUT    | LVCMOS33  |            |
+---------------------+-----------+-----------+------------+
| oled_resn           | OUTPUT    | LVCMOS33  |            |
+---------------------+-----------+-----------+------------+
| oled_dc             | OUTPUT    | LVCMOS33  |            |
+---------------------+-----------+-----------+------------+
| oled_mosi           | OUTPUT    | LVCMOS33  | OUT        |
+---------------------+-----------+-----------+------------+
| oled_clk            | OUTPUT    | LVCMOS33  |            |
+---------------------+-----------+-----------+------------+
| oled_csn            | OUTPUT    | LVCMOS33  |            |
+---------------------+-----------+-----------+------------+
| btn[0]              | INPUT     | LVCMOS33  |            |
+---------------------+-----------+-----------+------------+
| led[7]              | OUTPUT    | LVCMOS33  |            |
+---------------------+-----------+-----------+------------+
| led[6]              | OUTPUT    | LVCMOS33  |            |
+---------------------+-----------+-----------+------------+
| led[5]              | OUTPUT    | LVCMOS33  |            |
+---------------------+-----------+-----------+------------+
| led[4]              | OUTPUT    | LVCMOS33  |            |
+---------------------+-----------+-----------+------------+
| led[3]              | OUTPUT    | LVCMOS33  |            |
+---------------------+-----------+-----------+------------+
| led[2]              | OUTPUT    | LVCMOS33  |            |
+---------------------+-----------+-----------+------------+
| led[1]              | OUTPUT    | LVCMOS33  |            |
+---------------------+-----------+-----------+------------+
| led[0]              | OUTPUT    | LVCMOS33  |            |
+---------------------+-----------+-----------+------------+
| wifi_gpio0          | OUTPUT    | LVCMOS33  |            |
+---------------------+-----------+-----------+------------+
| wifi_en             | OUTPUT    | LVCMOS33  |            |
+---------------------+-----------+-----------+------------+

                                   Page 24




Design:  ulx3s_usbtest                                 Date:  12/17/18  22:26:04

IO (PIO) Attributes (cont)
--------------------------
| wifi_rxd            | OUTPUT    | LVCMOS33  |            |
+---------------------+-----------+-----------+------------+

Removed logic
-------------

Block GSR_INST undriven or does not drive anything - clipped.
Signal GND undriven or does not drive anything - clipped.
Signal VCC undriven or does not drive anything - clipped.
Signal g_oled.oled_inst/VCC undriven or does not drive anything - clipped.
Signal clk_pll/CLKINTFB undriven or does not drive anything - clipped.
Signal clk_pll/REFCLK undriven or does not drive anything - clipped.
Signal clk_pll/INTLOCK undriven or does not drive anything - clipped.
Signal clk_pll/LOCK undriven or does not drive anything - clipped.
Signal clk_pll/CLKOS3 undriven or does not drive anything - clipped.
Signal clk_pll/CLKOS2 undriven or does not drive anything - clipped.
Signal g_oled.oled_inst/R_increment_5_cry_0_0_S0 undriven or does not drive
     anything - clipped.
Signal g_oled.oled_inst/N_1 undriven or does not drive anything - clipped.
Signal g_oled.oled_inst/R_init_cnt_2_s_15_0_S1 undriven or does not drive
     anything - clipped.
Signal g_oled.oled_inst/R_init_cnt_2_s_15_0_COUT undriven or does not drive
     anything - clipped.
Signal g_oled.oled_inst/R_init_cnt_2_cry_0_0_S0 undriven or does not drive
     anything - clipped.
Signal g_oled.oled_inst/N_2 undriven or does not drive anything - clipped.
Signal g_oled.oled_inst/R_increment_5_cry_5_0_COUT undriven or does not drive
     anything - clipped.
Block GND was optimized away.
Block VCC was optimized away.
Block g_oled.oled_inst/VCC was optimized away.

Memory Usage
------------


     

PLL/DLL Summary
---------------

PLL 1:                                     Pin/Node Value
  PLL Instance Name:                                clk_pll/PLLInst_0
  PLL Type:                                         EHXPLLL
  Input Clock:                             PIN      clk_25mhz_c
  Input Clock2:                                     NONE
  Input Clock select:                               NONE
  Output Clock(P):                         NODE     clk_pll/CLKOP
  Output Clock(S):                         NODE     clk_7M5Hz
  Output Clock(S2):                                 NONE
  Output Clock(S3):                                 NONE
  Feedback Signal:                         NODE     clk_pll/CLKOP
  Reset Signal:                                     NONE
  Standby Signal:                          NODE     clk_pll/GND
  PLL LOCK signal:                                  NONE
  PLL Internal LOCK Signal:                         NONE

                                   Page 25




Design:  ulx3s_usbtest                                 Date:  12/17/18  22:26:04

PLL/DLL Summary (cont)
----------------------
  Input Clock Frequency (MHz):                      25.0000
  Output Clock(P) Frequency (MHz):                  100.0000
  Output Clock(S) Frequency (MHz):                   7.5000
  Output Clock(S2) Frequency (MHz):                 NA
  Output Clock(S3) Frequency (MHz):                 NA
  CLKOP Post Divider A Input:                       DIVA
  CLKOS Post Divider B Input:                       DIVB
  CLKOS2 Post Divider C Input:                      DIVC
  CLKOS3 Post Divider D Input:                      DIVD
  Pre Divider A Input:                              NONE
  Pre Divider B Input:                              NONE
  Pre Divider C Input:                              NONE
  Pre Divider D Input:                              NONE
  FB_MODE:                                          CLKOP
  CLKI Divider:                                     1
  CLKFB Divider:                                    4
  CLKOP Divider:                                    6
  CLKOS Divider:                                    80
  CLKOS2 Divider:                                   50
  CLKOS3 Divider:                                   10
  Fractional N Divider:                             NONE
  CLKOP Desired Phase Shift(degree):                0
  CLKOP Trim Option Rising/Falling:                 FALLING
  CLKOP Trim Option Delay:                          0
  CLKOS Desired Phase Shift(degree):                0
  CLKOS Trim Option Rising/Falling:                 FALLING
  CLKOS Trim Option Delay:                          0
  CLKOS2 Desired Phase Shift(degree):               0
  CLKOS2 Trim Option Rising/Falling:                NONE
  CLKOS2 Trim Option Delay:                         NONE
  CLKOS3 Desired Phase Shift(degree):               0
  CLKOS3 Trim Option Rising/Falling:                NONE
  CLKOS3 Trim Option Delay:                         NONE

ASIC Components
---------------

Instance Name: clk_pll/PLLInst_0
         Type: EHXPLLL

Run Time and Memory Usage
-------------------------

   Total CPU Time: 2 secs  
   Total REAL Time: 3 secs  
   Peak Memory Usage: 440 MB
        










                                   Page 26


Copyright (c) 1991-1994 by NeoCAD Inc. All rights reserved.
     Copyright (c) 1995 AT&T Corp.   All rights reserved.
     Copyright (c) 1995-2001 Lucent Technologies Inc.  All rights reserved.
     Copyright (c) 2001 Agere Systems   All rights reserved.
     Copyright (c) 2002-2016 Lattice Semiconductor Corporation,  All rights
     reserved.
